SF:D:\srccodes\achihui_gh\acidserver\src\acidserver\Program.cs
FN:10,System.Void Program::<Main>$(System.String[])
FNDA:0,System.Void Program::<Main>$(System.String[])
DA:11,0
DA:12,0
DA:13,0
DA:15,0
DA:18,0
DA:19,0
DA:22,0
DA:23,0
DA:24,0
DA:25,0
DA:26,0
DA:28,0
DA:29,0
DA:30,0
DA:34,0
DA:35,0
DA:37,0
DA:39,0
DA:42,0
DA:43,0
DA:44,0
DA:45,0
DA:46,0
DA:47,0
DA:48,0
DA:49,0
DA:50,0
DA:52,0
DA:54,0
DA:55,0
DA:56,0
DA:57,0
DA:58,0
DA:59,0
DA:61,0
DA:62,0
DA:63,0
DA:64,0
BRDA:34,147,0,0
BRDA:34,147,1,0
BRDA:42,185,0,0
BRDA:42,185,1,0
FN:66,System.String Program::<<Main>$>g__Summary|0_0(Duende.IdentityServer.Licensing.LicenseUsageSummary)
FNDA:0,System.String Program::<<Main>$>g__Summary|0_0(Duende.IdentityServer.Licensing.LicenseUsageSummary)
DA:67,0
DA:68,0
DA:69,0
DA:70,0
DA:71,0
DA:72,0
DA:73,0
DA:74,0
DA:76,0
DA:77,0
BRDA:71,88,0,0
BRDA:71,88,1,0
LF:48
LH:0
BRF:6
BRH:0
FNF:2
FNH:0
end_of_record
SF:D:\srccodes\achihui_gh\acidserver\src\acidserver\Pages\Account\Login\Index.cshtml
FN:34,System.Void AspNetCoreGeneratedDocument.Pages_Account_Login_Index/<<ExecuteAsync>b__24_1>d::MoveNext()
FNDA:0,System.Void AspNetCoreGeneratedDocument.Pages_Account_Login_Index/<<ExecuteAsync>b__24_1>d::MoveNext()
DA:35,0
DA:36,0
DA:45,0
BRDA:35,637,0,0
BRDA:35,637,1,0
BRDA:35,1249,0,0
BRDA:35,1249,1,0
BRDA:35,1989,0,0
BRDA:35,1989,1,0
BRDA:35,2601,0,0
BRDA:35,2601,1,0
BRDA:35,3333,0,0
BRDA:35,3333,1,0
BRDA:35,3544,0,0
BRDA:36,4017,0,0
BRDA:36,4017,1,0
BRDA:36,4639,0,0
BRDA:36,4639,1,0
BRDA:35,3544,1,0
FN:13,System.Void AspNetCoreGeneratedDocument.Pages_Account_Login_Index/<ExecuteAsync>d__24::MoveNext()
FNDA:0,System.Void AspNetCoreGeneratedDocument.Pages_Account_Login_Index/<ExecuteAsync>d__24::MoveNext()
DA:14,0
DA:15,0
DA:53,0
DA:55,0
DA:56,0
DA:64,0
DA:65,0
DA:74,0
DA:79,0
DA:81,0
DA:82,0
DA:87,0
BRDA:14,398,0,0
BRDA:14,398,1,0
BRDA:14,608,0,0
BRDA:15,988,0,0
BRDA:15,988,1,0
BRDA:14,608,1,0
BRDA:55,1221,0,0
BRDA:64,2267,1,0
BRDA:65,1577,0,0
BRDA:65,1577,1,0
BRDA:65,2063,0,0
BRDA:65,2063,1,0
BRDA:64,2267,0,0
BRDA:55,1221,1,0
BRDA:81,2362,0,0
BRDA:81,2362,1,0
BRDA:81,2400,0,0
BRDA:81,2400,1,0
LF:15
LH:0
BRF:34
BRH:0
FNF:2
FNH:0
end_of_record
SF:D:\srccodes\achihui_gh\acidserver\src\acidserver\Pages\Account\Logout\LoggedOut.cshtml
FN:25,System.Void AspNetCoreGeneratedDocument.Pages_Account_Logout_LoggedOut/<<ExecuteAsync>b__8_0>d::MoveNext()
FNDA:0,System.Void AspNetCoreGeneratedDocument.Pages_Account_Logout_LoggedOut/<<ExecuteAsync>b__8_0>d::MoveNext()
DA:26,0
DA:27,0
DA:29,0
BRDA:26,69,0,0
BRDA:27,378,0,0
BRDA:27,378,1,0
BRDA:26,69,1,0
FN:9,System.Void AspNetCoreGeneratedDocument.Pages_Account_Logout_LoggedOut/<ExecuteAsync>d__8::MoveNext()
FNDA:0,System.Void AspNetCoreGeneratedDocument.Pages_Account_Logout_LoggedOut/<ExecuteAsync>d__8::MoveNext()
DA:10,0
DA:11,0
DA:16,0
DA:18,0
DA:19,0
DA:21,0
BRDA:10,51,0,0
BRDA:10,51,1,0
BRDA:18,286,0,0
BRDA:18,286,1,0
LF:9
LH:0
BRF:8
BRH:0
FNF:2
FNH:0
end_of_record
SF:D:\srccodes\achihui_gh\acidserver\src\acidserver\Pages\Ciba\All.cshtml
FN:13,System.Void AspNetCoreGeneratedDocument.Pages_Ciba_All/<ExecuteAsync>d__9::MoveNext()
FNDA:0,System.Void AspNetCoreGeneratedDocument.Pages_Ciba_All/<ExecuteAsync>d__9::MoveNext()
DA:14,0
DA:15,0
DA:26,0
DA:27,0
DA:36,0
DA:39,0
DA:41,0
DA:43,0
BRDA:14,56,0,0
BRDA:26,1026,1,0
BRDA:27,474,0,0
BRDA:27,474,1,0
BRDA:27,821,0,0
BRDA:27,821,1,0
BRDA:26,1026,0,0
BRDA:14,56,1,0
LF:8
LH:0
BRF:8
BRH:0
FNF:1
FNH:0
end_of_record
SF:D:\srccodes\achihui_gh\acidserver\src\acidserver\Pages\Ciba\Consent.cshtml
FN:31,System.Void AspNetCoreGeneratedDocument.Pages_Ciba_Consent/<<ExecuteAsync>b__16_1>d::MoveNext()
FNDA:0,System.Void AspNetCoreGeneratedDocument.Pages_Ciba_Consent/<<ExecuteAsync>b__16_1>d::MoveNext()
DA:32,0
DA:33,0
DA:41,0
DA:42,0
DA:44,0
DA:48,0
DA:50,0
DA:51,0
DA:59,0
DA:60,0
DA:62,0
DA:66,0
DA:88,0
DA:89,0
DA:94,0
BRDA:32,573,0,0
BRDA:32,573,1,0
BRDA:32,788,0,0
BRDA:41,1494,1,0
BRDA:42,1290,0,0
BRDA:42,1290,1,0
BRDA:41,1494,0,0
BRDA:32,788,1,0
BRDA:50,1598,0,0
BRDA:59,2304,1,0
BRDA:60,2100,0,0
BRDA:60,2100,1,0
BRDA:59,2304,0,0
BRDA:50,1598,1,0
BRDA:66,2933,0,0
BRDA:66,2933,1,0
BRDA:88,3146,0,0
BRDA:88,3146,1,0
FN:7,System.Void AspNetCoreGeneratedDocument.Pages_Ciba_Consent/<ExecuteAsync>d__16::MoveNext()
FNDA:0,System.Void AspNetCoreGeneratedDocument.Pages_Ciba_Consent/<ExecuteAsync>d__16::MoveNext()
DA:8,0
DA:9,0
DA:11,0
BRDA:8,95,0,0
BRDA:8,95,1,0
BRDA:11,672,0,0
BRDA:11,672,1,0
BRDA:11,1214,0,0
BRDA:11,1214,1,0
LF:18
LH:0
BRF:24
BRH:0
FNF:2
FNH:0
end_of_record
SF:D:\srccodes\achihui_gh\acidserver\src\acidserver\Pages\Ciba\Index.cshtml
FN:7,System.Void AspNetCoreGeneratedDocument.Pages_Ciba_Index/<ExecuteAsync>d__9::MoveNext()
FNDA:0,System.Void AspNetCoreGeneratedDocument.Pages_Ciba_Index/<ExecuteAsync>d__9::MoveNext()
DA:8,0
DA:9,0
DA:11,0
BRDA:8,77,0,0
BRDA:8,77,1,0
BRDA:11,548,0,0
BRDA:11,548,1,0
BRDA:11,883,0,0
BRDA:11,883,1,0
LF:3
LH:0
BRF:6
BRH:0
FNF:1
FNH:0
end_of_record
SF:D:\srccodes\achihui_gh\acidserver\src\acidserver\Pages\Ciba\_ScopeListItem.cshtml
FN:12,System.Void AspNetCoreGeneratedDocument.Pages_Ciba__ScopeListItem/<ExecuteAsync>d__0::MoveNext()
FNDA:0,System.Void AspNetCoreGeneratedDocument.Pages_Ciba__ScopeListItem/<ExecuteAsync>d__0::MoveNext()
DA:13,0
DA:14,0
DA:18,0
DA:20,0
DA:21,0
DA:23,0
DA:25,0
DA:26,0
DA:28,0
DA:29,0
DA:30,0
DA:34,0
DA:35,0
DA:36,0
DA:40,0
DA:41,0
DA:43,0
DA:46,0
BRDA:13,488,0,0
BRDA:13,488,1,0
BRDA:20,705,0,0
BRDA:20,705,1,0
BRDA:25,761,0,0
BRDA:25,761,1,0
BRDA:29,805,0,0
BRDA:29,805,1,0
BRDA:35,1038,0,0
BRDA:35,1038,1,0
BRDA:35,1053,0,0
BRDA:40,1200,1,0
BRDA:40,1200,0,0
BRDA:35,1053,1,0
LF:18
LH:0
BRF:14
BRH:0
FNF:1
FNH:0
end_of_record
SF:D:\srccodes\achihui_gh\acidserver\src\acidserver\Pages\Consent\Index.cshtml
FN:28,System.Void AspNetCoreGeneratedDocument.Pages_Consent_Index/<<ExecuteAsync>b__19_1>d::MoveNext()
FNDA:0,System.Void AspNetCoreGeneratedDocument.Pages_Consent_Index/<<ExecuteAsync>b__19_1>d::MoveNext()
DA:29,0
DA:30,0
DA:38,0
DA:39,0
DA:41,0
DA:45,0
DA:47,0
DA:48,0
DA:56,0
DA:57,0
DA:59,0
DA:63,0
DA:77,0
DA:78,0
DA:87,0
DA:97,0
DA:98,0
DA:103,0
BRDA:29,609,0,0
BRDA:29,609,1,0
BRDA:29,824,0,0
BRDA:38,1530,1,0
BRDA:39,1326,0,0
BRDA:39,1326,1,0
BRDA:38,1530,0,0
BRDA:29,824,1,0
BRDA:47,1634,0,0
BRDA:56,2340,1,0
BRDA:57,2136,0,0
BRDA:57,2136,1,0
BRDA:56,2340,0,0
BRDA:47,1634,1,0
BRDA:63,2969,0,0
BRDA:63,2969,1,0
BRDA:77,3179,0,0
BRDA:78,3651,0,0
BRDA:78,3651,1,0
BRDA:78,4273,0,0
BRDA:78,4273,1,0
BRDA:77,3179,1,0
BRDA:97,4505,0,0
BRDA:97,4505,1,0
FN:7,System.Void AspNetCoreGeneratedDocument.Pages_Consent_Index/<ExecuteAsync>d__19::MoveNext()
FNDA:0,System.Void AspNetCoreGeneratedDocument.Pages_Consent_Index/<ExecuteAsync>d__19::MoveNext()
DA:8,0
DA:9,0
DA:11,0
BRDA:8,95,0,0
BRDA:8,95,1,0
BRDA:11,622,0,0
BRDA:11,622,1,0
BRDA:11,1164,0,0
BRDA:11,1164,1,0
LF:21
LH:0
BRF:30
BRH:0
FNF:2
FNH:0
end_of_record
SF:D:\srccodes\achihui_gh\acidserver\src\acidserver\Pages\Consent\_ScopeListItem.cshtml
FN:12,System.Void AspNetCoreGeneratedDocument.Pages_Consent__ScopeListItem/<ExecuteAsync>d__0::MoveNext()
FNDA:0,System.Void AspNetCoreGeneratedDocument.Pages_Consent__ScopeListItem/<ExecuteAsync>d__0::MoveNext()
DA:13,0
DA:14,0
DA:18,0
DA:20,0
DA:21,0
DA:23,0
DA:25,0
DA:26,0
DA:28,0
DA:29,0
DA:30,0
DA:34,0
DA:35,0
DA:36,0
DA:40,0
DA:41,0
DA:43,0
DA:46,0
BRDA:13,488,0,0
BRDA:13,488,1,0
BRDA:20,705,0,0
BRDA:20,705,1,0
BRDA:25,761,0,0
BRDA:25,761,1,0
BRDA:29,805,0,0
BRDA:29,805,1,0
BRDA:35,1038,0,0
BRDA:35,1038,1,0
BRDA:35,1053,0,0
BRDA:40,1200,1,0
BRDA:40,1200,0,0
BRDA:35,1053,1,0
LF:18
LH:0
BRF:14
BRH:0
FNF:1
FNH:0
end_of_record
SF:D:\srccodes\achihui_gh\acidserver\src\acidserver\Pages\Device\Index.cshtml
FN:61,System.Void AspNetCoreGeneratedDocument.Pages_Device_Index/<<ExecuteAsync>b__20_3>d::MoveNext()
FNDA:0,System.Void AspNetCoreGeneratedDocument.Pages_Device_Index/<<ExecuteAsync>b__20_3>d::MoveNext()
DA:62,0
DA:63,0
DA:71,0
DA:72,0
DA:74,0
DA:78,0
DA:80,0
DA:81,0
DA:89,0
DA:90,0
DA:92,0
DA:96,0
DA:110,0
DA:111,0
DA:120,0
DA:130,0
DA:131,0
DA:136,0
BRDA:62,609,0,0
BRDA:62,609,1,0
BRDA:62,824,0,0
BRDA:71,1530,1,0
BRDA:72,1326,0,0
BRDA:72,1326,1,0
BRDA:71,1530,0,0
BRDA:62,824,1,0
BRDA:80,1634,0,0
BRDA:89,2340,1,0
BRDA:90,2136,0,0
BRDA:90,2136,1,0
BRDA:89,2340,0,0
BRDA:80,1634,1,0
BRDA:96,2969,0,0
BRDA:96,2969,1,0
BRDA:110,3179,0,0
BRDA:111,3651,0,0
BRDA:111,3651,1,0
BRDA:111,4273,0,0
BRDA:111,4273,1,0
BRDA:110,3179,1,0
BRDA:130,4505,0,0
BRDA:130,4505,1,0
FN:5,System.Void AspNetCoreGeneratedDocument.Pages_Device_Index/<ExecuteAsync>d__20::MoveNext()
FNDA:0,System.Void AspNetCoreGeneratedDocument.Pages_Device_Index/<ExecuteAsync>d__20::MoveNext()
DA:6,0
DA:7,0
DA:34,0
DA:36,0
DA:40,0
DA:41,0
DA:43,0
DA:141,0
BRDA:6,131,0,0
BRDA:7,472,0,0
BRDA:7,472,1,0
BRDA:7,1068,0,0
BRDA:7,1068,1,0
BRDA:6,131,1,0
BRDA:40,1305,0,0
BRDA:40,1305,1,0
BRDA:43,1885,0,0
BRDA:43,1885,1,0
BRDA:43,2427,0,0
BRDA:43,2427,1,0
LF:26
LH:0
BRF:36
BRH:0
FNF:2
FNH:0
end_of_record
SF:D:\srccodes\achihui_gh\acidserver\src\acidserver\Pages\Device\_ScopeListItem.cshtml
FN:12,System.Void AspNetCoreGeneratedDocument.Pages_Device__ScopeListItem/<ExecuteAsync>d__0::MoveNext()
FNDA:0,System.Void AspNetCoreGeneratedDocument.Pages_Device__ScopeListItem/<ExecuteAsync>d__0::MoveNext()
DA:13,0
DA:14,0
DA:18,0
DA:20,0
DA:21,0
DA:23,0
DA:25,0
DA:26,0
DA:28,0
DA:29,0
DA:30,0
DA:34,0
BRDA:13,488,0,0
BRDA:13,488,1,0
BRDA:20,705,0,0
BRDA:20,705,1,0
BRDA:25,761,0,0
BRDA:25,761,1,0
BRDA:29,805,0,0
BRDA:29,805,1,0
LF:12
LH:0
BRF:8
BRH:0
FNF:1
FNH:0
end_of_record
SF:D:\srccodes\achihui_gh\acidserver\src\acidserver\Pages\Diagnostics\Index.cshtml
FN:15,System.Void AspNetCoreGeneratedDocument.Pages_Diagnostics_Index/<ExecuteAsync>d__0::MoveNext()
FNDA:0,System.Void AspNetCoreGeneratedDocument.Pages_Diagnostics_Index/<ExecuteAsync>d__0::MoveNext()
DA:16,0
DA:17,0
DA:19,0
DA:20,0
DA:23,0
DA:25,0
DA:37,0
DA:38,0
DA:39,0
DA:40,0
DA:43,0
DA:44,0
DA:45,0
DA:46,0
DA:50,0
DA:51,0
DA:52,0
DA:54,0
DA:55,0
DA:57,0
DA:58,0
DA:61,0
BRDA:16,56,0,0
BRDA:19,258,1,0
BRDA:19,258,0,0
BRDA:16,56,1,0
BRDA:37,363,0,0
BRDA:39,556,1,0
BRDA:39,556,0,0
BRDA:37,363,1,0
BRDA:45,624,0,0
BRDA:51,796,1,0
BRDA:54,736,0,0
BRDA:54,736,1,0
BRDA:51,796,0,0
BRDA:45,624,1,0
LF:22
LH:0
BRF:14
BRH:0
FNF:1
FNH:0
end_of_record
SF:D:\srccodes\achihui_gh\acidserver\src\acidserver\Pages\ExternalLogin\Callback.cshtml
FN:4,System.Void AspNetCoreGeneratedDocument.Pages_ExternalLogin_Callback/<ExecuteAsync>d__8::MoveNext()
FNDA:0,System.Void AspNetCoreGeneratedDocument.Pages_ExternalLogin_Callback/<ExecuteAsync>d__8::MoveNext()
DA:5,0
BRDA:5,347,0,0
BRDA:5,347,1,0
BRDA:5,785,0,0
BRDA:5,785,1,0
LF:1
LH:0
BRF:4
BRH:0
FNF:1
FNH:0
end_of_record
SF:D:\srccodes\achihui_gh\acidserver\src\acidserver\Pages\ExternalLogin\Challenge.cshtml
FN:4,System.Void AspNetCoreGeneratedDocument.Pages_ExternalLogin_Challenge/<ExecuteAsync>d__8::MoveNext()
FNDA:0,System.Void AspNetCoreGeneratedDocument.Pages_ExternalLogin_Challenge/<ExecuteAsync>d__8::MoveNext()
DA:5,0
BRDA:5,347,0,0
BRDA:5,347,1,0
BRDA:5,785,0,0
BRDA:5,785,1,0
LF:1
LH:0
BRF:4
BRH:0
FNF:1
FNH:0
end_of_record
SF:D:\srccodes\achihui_gh\acidserver\src\acidserver\Pages\Grants\Index.cshtml
FN:11,System.Void AspNetCoreGeneratedDocument.Pages_Grants_Index/<ExecuteAsync>d__9::MoveNext()
FNDA:0,System.Void AspNetCoreGeneratedDocument.Pages_Grants_Index/<ExecuteAsync>d__9::MoveNext()
DA:12,0
DA:13,0
DA:21,0
DA:23,0
DA:24,0
DA:25,0
DA:30,0
DA:31,0
DA:33,0
DA:47,0
DA:48,0
DA:52,0
DA:56,0
DA:57,0
DA:61,0
DA:62,0
DA:63,0
DA:67,0
DA:68,0
DA:70,0
DA:73,0
DA:74,0
DA:75,0
DA:79,0
DA:80,0
DA:82,0
DA:85,0
DA:88,0
DA:89,0
BRDA:12,64,0,0
BRDA:12,64,1,0
BRDA:24,1741,1,0
BRDA:30,240,0,0
BRDA:30,240,1,0
BRDA:33,794,0,0
BRDA:33,794,1,0
BRDA:47,1003,0,0
BRDA:47,1003,1,0
BRDA:56,1174,0,0
BRDA:56,1174,1,0
BRDA:62,1288,0,0
BRDA:67,1430,1,0
BRDA:67,1430,0,0
BRDA:62,1288,1,0
BRDA:74,1509,0,0
BRDA:79,1651,1,0
BRDA:79,1651,0,0
BRDA:74,1509,1,0
BRDA:24,1741,0,0
LF:29
LH:0
BRF:20
BRH:0
FNF:1
FNH:0
end_of_record
SF:D:\srccodes\achihui_gh\acidserver\src\acidserver\Pages\Home\Error\Index.cshtml
FN:13,System.Void AspNetCoreGeneratedDocument.Pages_Home_Error_Index/<ExecuteAsync>d__0::MoveNext()
FNDA:0,System.Void AspNetCoreGeneratedDocument.Pages_Home_Error_Index/<ExecuteAsync>d__0::MoveNext()
DA:14,0
DA:15,0
DA:22,0
DA:23,0
DA:25,0
DA:26,0
DA:29,0
DA:30,0
DA:32,0
BRDA:14,51,0,0
BRDA:22,160,0,0
BRDA:22,160,1,0
BRDA:14,51,1,0
BRDA:29,266,0,0
BRDA:29,266,1,0
BRDA:29,278,0,0
BRDA:29,278,1,0
BRDA:29,290,0,0
BRDA:29,290,1,0
BRDA:29,306,0,0
BRDA:29,306,1,0
LF:9
LH:0
BRF:12
BRH:0
FNF:1
FNH:0
end_of_record
SF:D:\srccodes\achihui_gh\acidserver\src\acidserver\Pages\Index.cshtml
FN:36,System.Void AspNetCoreGeneratedDocument.Pages_Index/<ExecuteAsync>d__9::MoveNext()
FNDA:0,System.Void AspNetCoreGeneratedDocument.Pages_Index/<ExecuteAsync>d__9::MoveNext()
DA:37,0
DA:38,0
DA:46,0
BRDA:37,352,0,0
BRDA:37,352,1,0
BRDA:37,622,0,0
BRDA:37,622,1,0
LF:3
LH:0
BRF:4
BRH:0
FNF:1
FNH:0
end_of_record
SF:D:\srccodes\achihui_gh\acidserver\src\acidserver\Pages\ServerSideSessions\Index.cshtml
FN:115,System.String AspNetCoreGeneratedDocument.Pages_ServerSideSessions_Index/<>c::<ExecuteAsync>b__19_16(System.String,System.String)
FNDA:0,System.String AspNetCoreGeneratedDocument.Pages_ServerSideSessions_Index/<>c::<ExecuteAsync>b__19_16(System.String,System.String)
DA:116,0
FN:13,System.Void AspNetCoreGeneratedDocument.Pages_ServerSideSessions_Index/<ExecuteAsync>d__19::MoveNext()
FNDA:0,System.Void AspNetCoreGeneratedDocument.Pages_ServerSideSessions_Index/<ExecuteAsync>d__19::MoveNext()
DA:14,0
DA:15,0
DA:18,0
DA:19,0
DA:27,0
DA:49,0
DA:50,0
DA:57,0
DA:61,0
DA:62,0
DA:64,0
DA:65,0
DA:70,0
DA:72,0
DA:76,0
DA:78,0
DA:82,0
DA:83,0
DA:97,0
DA:98,0
DA:114,0
DA:115,0
DA:117,0
DA:119,0
DA:121,0
DA:123,0
DA:127,0
DA:129,0
DA:131,0
DA:132,0
DA:134,0
DA:142,0
BRDA:14,121,0,0
BRDA:18,167,0,0
BRDA:19,392,0,0
BRDA:19,392,1,0
BRDA:19,514,0,0
BRDA:19,514,1,0
BRDA:19,1299,0,0
BRDA:19,1299,1,0
BRDA:18,167,1,0
BRDA:27,1829,0,0
BRDA:27,1829,1,0
BRDA:49,2040,0,0
BRDA:50,2267,0,0
BRDA:50,2267,1,0
BRDA:50,3052,0,0
BRDA:50,3052,1,0
BRDA:49,2040,1,0
BRDA:61,3290,0,0
BRDA:64,3343,0,0
BRDA:64,3343,1,0
BRDA:64,3382,0,0
BRDA:64,3382,1,0
BRDA:61,3290,1,0
BRDA:82,3712,0,0
BRDA:97,4800,1,0
BRDA:98,4457,0,0
BRDA:98,4457,1,0
BRDA:114,4660,0,0
BRDA:114,4660,1,0
BRDA:114,4675,0,0
BRDA:114,4675,1,0
BRDA:97,4800,0,0
BRDA:82,3712,1,0
BRDA:14,121,1,0
LF:33
LH:0
BRF:34
BRH:0
FNF:2
FNH:0
end_of_record
SF:D:\srccodes\achihui_gh\acidserver\src\acidserver\Pages\Shared\_Nav.cshtml
FN:3,System.Void AspNetCoreGeneratedDocument.Pages_Shared__Nav/<ExecuteAsync>d__14::MoveNext()
FNDA:0,System.Void AspNetCoreGeneratedDocument.Pages_Shared__Nav/<ExecuteAsync>d__14::MoveNext()
DA:4,0
DA:5,0
DA:6,0
DA:7,0
DA:8,0
DA:19,0
DA:20,0
DA:30,0
BRDA:5,94,0,0
BRDA:7,115,0,0
BRDA:7,115,1,0
BRDA:5,94,1,0
BRDA:8,444,0,0
BRDA:8,444,1,0
BRDA:19,648,0,0
BRDA:20,1036,0,0
BRDA:20,1036,1,0
BRDA:19,648,1,0
LF:8
LH:0
BRF:10
BRH:0
FNF:1
FNH:0
end_of_record
SF:D:\srccodes\achihui_gh\acidserver\src\acidserver\Pages\Shared\_ValidationSummary.cshtml
FN:0,System.Void AspNetCoreGeneratedDocument.Pages_Shared__ValidationSummary/<ExecuteAsync>d__8::MoveNext()
FNDA:0,System.Void AspNetCoreGeneratedDocument.Pages_Shared__ValidationSummary/<ExecuteAsync>d__8::MoveNext()
DA:1,0
DA:2,0
DA:7,0
BRDA:1,55,0,0
BRDA:2,426,0,0
BRDA:2,426,1,0
BRDA:1,55,1,0
LF:3
LH:0
BRF:4
BRH:0
FNF:1
FNH:0
end_of_record
SF:D:\srccodes\achihui_gh\acidserver\src\acidserver\Pages\_ViewStart.cshtml
FN:1,System.Void AspNetCoreGeneratedDocument.Pages__ViewStart/<ExecuteAsync>d__0::MoveNext()
FNDA:0,System.Void AspNetCoreGeneratedDocument.Pages__ViewStart/<ExecuteAsync>d__0::MoveNext()
DA:2,0
LF:1
LH:0
BRF:0
BRH:0
FNF:1
FNH:0
end_of_record
SF:D:\srccodes\achihui_gh\acidserver\src\acidserver\Config.cs
FN:8,System.Collections.Generic.IEnumerable`1<Duende.IdentityServer.Models.IdentityResource> IdentityServerAspNetIdentity.Config::get_IdentityResources()
FNDA:0,System.Collections.Generic.IEnumerable`1<Duende.IdentityServer.Models.IdentityResource> IdentityServerAspNetIdentity.Config::get_IdentityResources()
DA:9,0
DA:10,0
DA:11,0
DA:12,0
DA:13,0
DA:14,0
FN:16,System.Collections.Generic.IEnumerable`1<Duende.IdentityServer.Models.ApiScope> IdentityServerAspNetIdentity.Config::get_ApiScopes()
FNDA:0,System.Collections.Generic.IEnumerable`1<Duende.IdentityServer.Models.ApiScope> IdentityServerAspNetIdentity.Config::get_ApiScopes()
DA:17,0
DA:18,0
DA:19,0
DA:20,0
DA:21,0
DA:22,0
FN:24,System.Collections.Generic.IEnumerable`1<Duende.IdentityServer.Models.Client> IdentityServerAspNetIdentity.Config::get_Clients()
FNDA:0,System.Collections.Generic.IEnumerable`1<Duende.IdentityServer.Models.Client> IdentityServerAspNetIdentity.Config::get_Clients()
DA:25,0
DA:26,0
DA:27,0
DA:28,0
DA:29,0
DA:30,0
DA:31,0
DA:32,0
DA:33,0
DA:34,0
DA:35,0
DA:36,0
DA:37,0
DA:38,0
DA:39,0
DA:40,0
DA:41,0
DA:42,0
DA:43,0
DA:44,0
DA:45,0
DA:46,0
DA:47,0
DA:48,0
DA:49,0
DA:50,0
DA:51,0
DA:52,0
DA:53,0
DA:54,0
DA:55,0
DA:56,0
DA:57,0
DA:58,0
DA:59,0
DA:60,0
DA:61,0
DA:62,0
DA:63,0
DA:64,0
DA:65,0
DA:66,0
DA:67,0
DA:68,0
DA:69,0
DA:70,0
DA:71,0
DA:72,0
DA:73,0
DA:74,0
DA:75,0
DA:76,0
DA:77,0
DA:78,0
DA:79,0
DA:80,0
DA:81,0
DA:82,0
DA:83,0
DA:84,0
DA:85,0
DA:86,0
DA:87,0
DA:88,0
DA:89,0
DA:90,0
DA:91,0
DA:92,0
DA:93,0
DA:94,0
DA:95,0
DA:96,0
DA:97,0
DA:98,0
DA:99,0
DA:100,0
DA:101,0
DA:102,0
DA:103,0
DA:104,0
DA:105,0
DA:106,0
DA:107,0
DA:108,0
DA:109,0
DA:110,0
DA:111,0
DA:112,0
DA:113,0
DA:114,0
DA:115,0
DA:116,0
DA:117,0
DA:118,0
DA:119,0
DA:120,0
DA:121,0
DA:122,0
DA:123,0
DA:124,0
DA:125,0
DA:126,0
DA:127,0
DA:128,0
DA:129,0
DA:130,0
DA:131,0
DA:132,0
DA:133,0
DA:134,0
DA:135,0
DA:136,0
DA:137,0
DA:138,0
DA:139,0
DA:140,0
DA:141,0
DA:142,0
DA:143,0
DA:144,0
DA:145,0
DA:146,0
DA:147,0
DA:148,0
LF:136
LH:0
BRF:0
BRH:0
FNF:3
FNH:0
end_of_record
SF:D:\srccodes\achihui_gh\acidserver\src\acidserver\HostingExtensions.cs
FN:12,Microsoft.AspNetCore.Builder.WebApplication IdentityServerAspNetIdentity.HostingExtensions::ConfigureServices(Microsoft.AspNetCore.Builder.WebApplicationBuilder)
FNDA:0,Microsoft.AspNetCore.Builder.WebApplication IdentityServerAspNetIdentity.HostingExtensions::ConfigureServices(Microsoft.AspNetCore.Builder.WebApplicationBuilder)
DA:13,0
DA:14,0
DA:16,0
DA:17,0
DA:19,0
DA:20,0
DA:21,0
DA:23,0
DA:25,0
DA:26,0
DA:27,0
DA:28,0
DA:29,0
DA:30,0
DA:31,0
DA:32,0
DA:33,0
DA:34,0
DA:35,0
DA:36,0
DA:37,0
DA:40,0
DA:42,0
DA:43,0
FN:45,Microsoft.AspNetCore.Builder.WebApplication IdentityServerAspNetIdentity.HostingExtensions::ConfigurePipeline(Microsoft.AspNetCore.Builder.WebApplication)
FNDA:0,Microsoft.AspNetCore.Builder.WebApplication IdentityServerAspNetIdentity.HostingExtensions::ConfigurePipeline(Microsoft.AspNetCore.Builder.WebApplication)
DA:46,0
DA:47,0
DA:49,0
DA:50,0
DA:51,0
DA:52,0
DA:54,0
DA:55,0
DA:56,0
DA:57,0
DA:58,0
DA:59,0
DA:60,0
DA:61,0
DA:62,0
DA:63,0
DA:64,0
DA:65,0
DA:66,0
DA:67,0
DA:68,0
DA:69,0
DA:70,0
DA:71,0
DA:72,0
DA:73,0
DA:74,0
DA:75,0
DA:76,0
DA:78,0
DA:79,0
DA:80,0
DA:81,0
DA:83,0
DA:84,0
DA:86,0
DA:87,0
BRDA:49,22,0,0
BRDA:49,22,1,0
LF:61
LH:0
BRF:2
BRH:0
FNF:2
FNH:0
end_of_record
SF:D:\srccodes\achihui_gh\acidserver\src\acidserver\SeedData.cs
FN:13,System.Void IdentityServerAspNetIdentity.SeedData::EnsureSeedData(Microsoft.AspNetCore.Builder.WebApplication)
FNDA:0,System.Void IdentityServerAspNetIdentity.SeedData::EnsureSeedData(Microsoft.AspNetCore.Builder.WebApplication)
DA:14,0
DA:15,0
DA:16,0
DA:17,0
DA:18,0
DA:20,0
DA:21,0
DA:22,0
DA:23,0
DA:24,0
DA:25,0
DA:26,0
DA:27,0
DA:28,0
DA:29,0
DA:30,0
DA:31,0
DA:32,0
DA:33,0
DA:36,0
DA:37,0
DA:38,0
DA:39,0
DA:40,0
DA:41,0
DA:42,0
DA:43,0
DA:44,0
DA:46,0
DA:47,0
DA:49,0
DA:50,0
DA:51,0
DA:53,0
DA:54,0
DA:55,0
DA:56,0
DA:57,0
DA:58,0
DA:59,0
DA:60,0
DA:61,0
DA:62,0
DA:63,0
DA:64,0
DA:65,0
DA:68,0
DA:69,0
DA:70,0
DA:71,0
DA:72,0
DA:73,0
DA:74,0
DA:75,0
DA:76,0
DA:77,0
DA:79,0
DA:80,0
DA:82,0
DA:83,0
DA:84,0
DA:85,0
DA:86,0
BRDA:22,80,0,0
BRDA:31,157,0,0
BRDA:31,157,1,0
BRDA:42,289,0,0
BRDA:42,289,1,0
BRDA:22,80,1,0
BRDA:54,369,0,0
BRDA:63,448,0,0
BRDA:63,448,1,0
BRDA:75,599,0,0
BRDA:75,599,1,0
BRDA:54,369,1,0
LF:63
LH:0
BRF:12
BRH:0
FNF:1
FNH:0
end_of_record
SF:D:\srccodes\achihui_gh\acidserver\src\acidserver\Pages\Extensions.cs
FN:22,System.Boolean IdentityServerAspNetIdentity.Pages.Extensions::IsNativeClient(Duende.IdentityServer.Models.AuthorizationRequest)
FNDA:0,System.Boolean IdentityServerAspNetIdentity.Pages.Extensions::IsNativeClient(Duende.IdentityServer.Models.AuthorizationRequest)
DA:23,0
DA:24,0
BRDA:23,17,0,0
BRDA:23,17,1,0
FN:29,Microsoft.AspNetCore.Mvc.IActionResult IdentityServerAspNetIdentity.Pages.Extensions::LoadingPage(Microsoft.AspNetCore.Mvc.RazorPages.PageModel,System.String)
FNDA:0,Microsoft.AspNetCore.Mvc.IActionResult IdentityServerAspNetIdentity.Pages.Extensions::LoadingPage(Microsoft.AspNetCore.Mvc.RazorPages.PageModel,System.String)
DA:30,0
DA:31,0
DA:32,0
DA:34,0
DA:35,0
FN:40,System.Boolean IdentityServerAspNetIdentity.Pages.Extensions::IsRemote(Microsoft.AspNetCore.Http.ConnectionInfo)
FNDA:0,System.Boolean IdentityServerAspNetIdentity.Pages.Extensions::IsRemote(Microsoft.AspNetCore.Http.ConnectionInfo)
DA:41,0
DA:42,0
DA:43,0
DA:44,0
DA:45,0
DA:46,0
DA:48,0
DA:49,0
DA:50,0
DA:53,0
DA:54,0
BRDA:43,42,0,0
BRDA:43,42,1,0
BRDA:48,72,0,0
BRDA:48,72,1,0
BRDA:48,93,0,0
BRDA:48,93,1,0
FN:13,System.Void IdentityServerAspNetIdentity.Pages.Extensions/<GetSchemeSupportsSignOutAsync>d__0::MoveNext()
FNDA:0,System.Void IdentityServerAspNetIdentity.Pages.Extensions/<GetSchemeSupportsSignOutAsync>d__0::MoveNext()
DA:14,0
DA:15,0
DA:16,0
DA:17,0
DA:18,0
LF:23
LH:0
BRF:8
BRH:0
FNF:4
FNH:0
end_of_record
SF:D:\srccodes\achihui_gh\acidserver\src\acidserver\Pages\Log.cs
FN:9,System.Void IdentityServerAspNetIdentity.Pages.Log::InvalidId(Microsoft.Extensions.Logging.ILogger,System.String)
FNDA:0,System.Void IdentityServerAspNetIdentity.Pages.Log::InvalidId(Microsoft.Extensions.Logging.ILogger,System.String)
DA:10,0
FN:16,System.Void IdentityServerAspNetIdentity.Pages.Log::InvalidBackchannelLoginId(Microsoft.Extensions.Logging.ILogger,System.String)
FNDA:0,System.Void IdentityServerAspNetIdentity.Pages.Log::InvalidBackchannelLoginId(Microsoft.Extensions.Logging.ILogger,System.String)
DA:17,0
FN:23,System.Void IdentityServerAspNetIdentity.Pages.Log::ExternalClaims(Microsoft.Extensions.Logging.ILogger,System.Collections.Generic.IEnumerable`1<System.String>)
FNDA:0,System.Void IdentityServerAspNetIdentity.Pages.Log::ExternalClaims(Microsoft.Extensions.Logging.ILogger,System.Collections.Generic.IEnumerable`1<System.String>)
DA:24,0
FN:30,System.Void IdentityServerAspNetIdentity.Pages.Log::NoMatchingBackchannelLoginRequest(Microsoft.Extensions.Logging.ILogger,System.String)
FNDA:0,System.Void IdentityServerAspNetIdentity.Pages.Log::NoMatchingBackchannelLoginRequest(Microsoft.Extensions.Logging.ILogger,System.String)
DA:31,0
FN:37,System.Void IdentityServerAspNetIdentity.Pages.Log::NoConsentMatchingRequest(Microsoft.Extensions.Logging.ILogger,System.String)
FNDA:0,System.Void IdentityServerAspNetIdentity.Pages.Log::NoConsentMatchingRequest(Microsoft.Extensions.Logging.ILogger,System.String)
DA:38,0
FN:4,System.Void IdentityServerAspNetIdentity.Pages.Log::.cctor()
FNDA:0,System.Void IdentityServerAspNetIdentity.Pages.Log::.cctor()
DA:5,0
DA:6,0
DA:7,0
DA:8,0
DA:12,0
DA:13,0
DA:14,0
DA:15,0
DA:19,0
DA:20,0
DA:21,0
DA:22,0
DA:26,0
DA:27,0
DA:28,0
DA:29,0
DA:33,0
DA:34,0
DA:35,0
DA:36,0
LF:25
LH:0
BRF:0
BRH:0
FNF:6
FNH:0
end_of_record
SF:D:\srccodes\achihui_gh\acidserver\src\acidserver\Pages\SecurityHeadersAttribute.cs
FN:8,System.Void IdentityServerAspNetIdentity.Pages.SecurityHeadersAttribute::OnResultExecuting(Microsoft.AspNetCore.Mvc.Filters.ResultExecutingContext)
FNDA:0,System.Void IdentityServerAspNetIdentity.Pages.SecurityHeadersAttribute::OnResultExecuting(Microsoft.AspNetCore.Mvc.Filters.ResultExecutingContext)
DA:9,0
DA:10,0
DA:12,0
DA:13,0
DA:14,0
DA:16,0
DA:17,0
DA:18,0
DA:19,0
DA:22,0
DA:23,0
DA:24,0
DA:25,0
DA:28,0
DA:35,0
DA:36,0
DA:37,0
DA:38,0
DA:40,0
DA:41,0
DA:42,0
DA:43,0
DA:46,0
DA:47,0
DA:48,0
DA:49,0
DA:50,0
DA:51,0
DA:52,0
BRDA:13,31,0,0
BRDA:16,70,0,0
BRDA:16,70,1,0
BRDA:22,144,0,0
BRDA:22,144,1,0
BRDA:35,224,0,0
BRDA:35,224,1,0
BRDA:40,294,0,0
BRDA:40,294,1,0
BRDA:47,370,0,0
BRDA:47,370,1,0
BRDA:13,31,1,0
LF:29
LH:0
BRF:12
BRH:0
FNF:1
FNH:0
end_of_record
SF:D:\srccodes\achihui_gh\acidserver\src\acidserver\Pages\Telemetry.cs
FN:12,System.Void IdentityServerAspNetIdentity.Pages.Telemetry::.cctor()
FNDA:0,System.Void IdentityServerAspNetIdentity.Pages.Telemetry::.cctor()
DA:13,0
DA:18,0
FN:76,System.Void IdentityServerAspNetIdentity.Pages.Telemetry/Metrics::ConsentGranted(System.String,System.Collections.Generic.IEnumerable`1<System.String>,System.Boolean)
FNDA:0,System.Void IdentityServerAspNetIdentity.Pages.Telemetry/Metrics::ConsentGranted(System.String,System.Collections.Generic.IEnumerable`1<System.String>,System.Boolean)
DA:77,0
DA:78,0
DA:80,0
DA:81,0
DA:82,0
DA:83,0
DA:84,0
DA:85,0
DA:86,0
DA:87,0
DA:88,0
BRDA:80,175,1,0
BRDA:80,175,0,0
FN:96,System.Void IdentityServerAspNetIdentity.Pages.Telemetry/Metrics::ConsentDenied(System.String,System.Collections.Generic.IEnumerable`1<System.String>)
FNDA:0,System.Void IdentityServerAspNetIdentity.Pages.Telemetry/Metrics::ConsentDenied(System.String,System.Collections.Generic.IEnumerable`1<System.String>)
DA:97,0
DA:98,0
DA:99,0
DA:100,0
DA:101,0
DA:102,0
DA:103,0
BRDA:99,88,1,0
BRDA:99,88,0,0
FN:111,System.Void IdentityServerAspNetIdentity.Pages.Telemetry/Metrics::GrantsRevoked(System.String)
FNDA:0,System.Void IdentityServerAspNetIdentity.Pages.Telemetry/Metrics::GrantsRevoked(System.String)
DA:112,0
FN:121,System.Void IdentityServerAspNetIdentity.Pages.Telemetry/Metrics::UserLogin(System.String,System.String)
FNDA:0,System.Void IdentityServerAspNetIdentity.Pages.Telemetry/Metrics::UserLogin(System.String,System.String)
DA:122,0
FN:130,System.Void IdentityServerAspNetIdentity.Pages.Telemetry/Metrics::UserLoginFailure(System.String,System.String,System.String)
FNDA:0,System.Void IdentityServerAspNetIdentity.Pages.Telemetry/Metrics::UserLoginFailure(System.String,System.String,System.String)
DA:131,0
FN:139,System.Void IdentityServerAspNetIdentity.Pages.Telemetry/Metrics::UserLogout(System.String)
FNDA:0,System.Void IdentityServerAspNetIdentity.Pages.Telemetry/Metrics::UserLogout(System.String)
DA:140,0
FN:64,System.Void IdentityServerAspNetIdentity.Pages.Telemetry/Metrics::.cctor()
FNDA:0,System.Void IdentityServerAspNetIdentity.Pages.Telemetry/Metrics::.cctor()
DA:65,0
DA:67,0
DA:105,0
DA:114,0
DA:133,0
LF:29
LH:0
BRF:4
BRH:0
FNF:8
FNH:0
end_of_record
SF:D:\srccodes\achihui_gh\acidserver\src\acidserver\Pages\ServerSideSessions\Index.cshtml.cs
FN:14,Duende.IdentityServer.Models.QueryResult`1<Duende.IdentityServer.Models.UserSession> IdentityServerAspNetIdentity.Pages.ServerSideSessions.IndexModel::get_UserSessions()
FNDA:0,Duende.IdentityServer.Models.QueryResult`1<Duende.IdentityServer.Models.UserSession> IdentityServerAspNetIdentity.Pages.ServerSideSessions.IndexModel::get_UserSessions()
DA:15,0
FN:17,System.String IdentityServerAspNetIdentity.Pages.ServerSideSessions.IndexModel::get_DisplayNameFilter()
FNDA:0,System.String IdentityServerAspNetIdentity.Pages.ServerSideSessions.IndexModel::get_DisplayNameFilter()
DA:18,0
FN:20,System.String IdentityServerAspNetIdentity.Pages.ServerSideSessions.IndexModel::get_SessionIdFilter()
FNDA:0,System.String IdentityServerAspNetIdentity.Pages.ServerSideSessions.IndexModel::get_SessionIdFilter()
DA:21,0
FN:23,System.String IdentityServerAspNetIdentity.Pages.ServerSideSessions.IndexModel::get_SubjectIdFilter()
FNDA:0,System.String IdentityServerAspNetIdentity.Pages.ServerSideSessions.IndexModel::get_SubjectIdFilter()
DA:24,0
FN:26,System.String IdentityServerAspNetIdentity.Pages.ServerSideSessions.IndexModel::get_Token()
FNDA:0,System.String IdentityServerAspNetIdentity.Pages.ServerSideSessions.IndexModel::get_Token()
DA:27,0
FN:29,System.String IdentityServerAspNetIdentity.Pages.ServerSideSessions.IndexModel::get_Prev()
FNDA:0,System.String IdentityServerAspNetIdentity.Pages.ServerSideSessions.IndexModel::get_Prev()
DA:30,0
FN:55,System.String IdentityServerAspNetIdentity.Pages.ServerSideSessions.IndexModel::get_SessionId()
FNDA:0,System.String IdentityServerAspNetIdentity.Pages.ServerSideSessions.IndexModel::get_SessionId()
DA:56,0
FN:12,System.Void IdentityServerAspNetIdentity.Pages.ServerSideSessions.IndexModel::.ctor(Duende.IdentityServer.Services.ISessionManagementService)
FNDA:0,System.Void IdentityServerAspNetIdentity.Pages.ServerSideSessions.IndexModel::.ctor(Duende.IdentityServer.Services.ISessionManagementService)
DA:13,0
FN:32,System.Void IdentityServerAspNetIdentity.Pages.ServerSideSessions.IndexModel/<OnGet>d__26::MoveNext()
FNDA:0,System.Void IdentityServerAspNetIdentity.Pages.ServerSideSessions.IndexModel/<OnGet>d__26::MoveNext()
DA:33,0
DA:35,0
DA:36,0
DA:37,0
DA:40,0
DA:41,0
DA:42,0
DA:43,0
DA:44,0
DA:45,0
DA:46,0
DA:47,0
DA:48,0
DA:49,0
DA:50,0
DA:52,0
DA:53,0
BRDA:35,41,0,0
BRDA:35,41,1,0
BRDA:40,77,0,0
BRDA:40,77,1,0
FN:58,System.Void IdentityServerAspNetIdentity.Pages.ServerSideSessions.IndexModel/<OnPost>d__31::MoveNext()
FNDA:0,System.Void IdentityServerAspNetIdentity.Pages.ServerSideSessions.IndexModel/<OnPost>d__31::MoveNext()
DA:59,0
DA:61,0
DA:62,0
DA:63,0
DA:66,0
DA:68,0
DA:69,0
DA:70,0
DA:71,0
DA:73,0
DA:74,0
BRDA:61,41,0,0
BRDA:61,41,1,0
LF:36
LH:0
BRF:6
BRH:0
FNF:10
FNH:0
end_of_record
SF:D:\srccodes\achihui_gh\acidserver\src\acidserver\Pages\Redirect\Index.cshtml.cs
FN:9,System.String IdentityServerAspNetIdentity.Pages.Redirect.IndexModel::get_RedirectUri()
FNDA:0,System.String IdentityServerAspNetIdentity.Pages.Redirect.IndexModel::get_RedirectUri()
DA:10,0
FN:12,Microsoft.AspNetCore.Mvc.IActionResult IdentityServerAspNetIdentity.Pages.Redirect.IndexModel::OnGet(System.String)
FNDA:0,Microsoft.AspNetCore.Mvc.IActionResult IdentityServerAspNetIdentity.Pages.Redirect.IndexModel::OnGet(System.String)
DA:13,0
DA:14,0
DA:15,0
DA:16,0
DA:19,0
DA:20,0
DA:21,0
BRDA:14,18,0,0
BRDA:14,18,1,0
LF:8
LH:0
BRF:2
BRH:0
FNF:2
FNH:0
end_of_record
SF:D:\srccodes\achihui_gh\acidserver\src\acidserver\Pages\Index.cshtml.cs
FN:12,System.String IdentityServerAspNetIdentity.Pages.Home.Index::get_Version()
FNDA:0,System.String IdentityServerAspNetIdentity.Pages.Home.Index::get_Version()
DA:13,0
DA:14,0
DA:15,0
DA:16,0
BRDA:13,21,0,0
BRDA:13,21,1,0
BRDA:13,46,0,0
BRDA:13,46,1,0
FN:16,Duende.IdentityServer.IdentityServerLicense IdentityServerAspNetIdentity.Pages.Home.Index::get_License()
FNDA:0,Duende.IdentityServer.IdentityServerLicense IdentityServerAspNetIdentity.Pages.Home.Index::get_License()
DA:17,0
FN:10,System.Void IdentityServerAspNetIdentity.Pages.Home.Index::.ctor(Duende.IdentityServer.IdentityServerLicense)
FNDA:0,System.Void IdentityServerAspNetIdentity.Pages.Home.Index::.ctor(Duende.IdentityServer.IdentityServerLicense)
DA:11,0
LF:6
LH:0
BRF:4
BRH:0
FNF:3
FNH:0
end_of_record
SF:D:\srccodes\achihui_gh\acidserver\src\acidserver\Pages\Home\Error\Index.cshtml.cs
FN:13,IdentityServerAspNetIdentity.Pages.Error.ViewModel IdentityServerAspNetIdentity.Pages.Error.Index::get_View()
FNDA:0,IdentityServerAspNetIdentity.Pages.Error.ViewModel IdentityServerAspNetIdentity.Pages.Error.Index::get_View()
DA:14,0
FN:15,System.Void IdentityServerAspNetIdentity.Pages.Error.Index::.ctor(Duende.IdentityServer.Services.IIdentityServerInteractionService,Microsoft.AspNetCore.Hosting.IWebHostEnvironment)
FNDA:0,System.Void IdentityServerAspNetIdentity.Pages.Error.Index::.ctor(Duende.IdentityServer.Services.IIdentityServerInteractionService,Microsoft.AspNetCore.Hosting.IWebHostEnvironment)
DA:16,0
DA:17,0
DA:18,0
DA:19,0
DA:20,0
FN:22,System.Void IdentityServerAspNetIdentity.Pages.Error.Index/<OnGet>d__7::MoveNext()
FNDA:0,System.Void IdentityServerAspNetIdentity.Pages.Error.Index/<OnGet>d__7::MoveNext()
DA:23,0
DA:25,0
DA:26,0
DA:27,0
DA:28,0
DA:30,0
DA:31,0
DA:33,0
DA:34,0
DA:35,0
DA:36,0
BRDA:26,162,0,0
BRDA:30,211,0,0
BRDA:30,211,1,0
BRDA:26,162,1,0
LF:17
LH:0
BRF:4
BRH:0
FNF:3
FNH:0
end_of_record
SF:D:\srccodes\achihui_gh\acidserver\src\acidserver\Pages\Home\Error\ViewModel.cs
FN:12,Duende.IdentityServer.Models.ErrorMessage IdentityServerAspNetIdentity.Pages.Error.ViewModel::get_Error()
FNDA:0,Duende.IdentityServer.Models.ErrorMessage IdentityServerAspNetIdentity.Pages.Error.ViewModel::get_Error()
DA:13,0
FN:6,System.Void IdentityServerAspNetIdentity.Pages.Error.ViewModel::.ctor()
FNDA:0,System.Void IdentityServerAspNetIdentity.Pages.Error.ViewModel::.ctor()
DA:7,0
DA:8,0
DA:9,0
FN:10,System.Void IdentityServerAspNetIdentity.Pages.Error.ViewModel::.ctor(System.String)
FNDA:0,System.Void IdentityServerAspNetIdentity.Pages.Error.ViewModel::.ctor(System.String)
DA:11,0
LF:5
LH:0
BRF:0
BRH:0
FNF:3
FNH:0
end_of_record
SF:D:\srccodes\achihui_gh\acidserver\src\acidserver\Pages\Grants\Index.cshtml.cs
FN:30,IdentityServerAspNetIdentity.Pages.Grants.ViewModel IdentityServerAspNetIdentity.Pages.Grants.Index::get_View()
FNDA:0,IdentityServerAspNetIdentity.Pages.Grants.ViewModel IdentityServerAspNetIdentity.Pages.Grants.Index::get_View()
DA:31,0
FN:68,System.String IdentityServerAspNetIdentity.Pages.Grants.Index::get_ClientId()
FNDA:0,System.String IdentityServerAspNetIdentity.Pages.Grants.Index::get_ClientId()
DA:69,0
FN:19,System.Void IdentityServerAspNetIdentity.Pages.Grants.Index::.ctor(Duende.IdentityServer.Services.IIdentityServerInteractionService,Duende.IdentityServer.Stores.IClientStore,Duende.IdentityServer.Stores.IResourceStore,Duende.IdentityServer.Services.IEventService)
FNDA:0,System.Void IdentityServerAspNetIdentity.Pages.Grants.Index::.ctor(Duende.IdentityServer.Services.IIdentityServerInteractionService,Duende.IdentityServer.Stores.IClientStore,Duende.IdentityServer.Stores.IResourceStore,Duende.IdentityServer.Services.IEventService)
DA:20,0
DA:21,0
DA:22,0
DA:23,0
DA:24,0
DA:25,0
DA:26,0
DA:27,0
DA:28,0
DA:29,0
FN:53,System.String IdentityServerAspNetIdentity.Pages.Grants.Index/<>c::<OnGet>b__9_0(Duende.IdentityServer.Models.IdentityResource)
FNDA:0,System.String IdentityServerAspNetIdentity.Pages.Grants.Index/<>c::<OnGet>b__9_0(Duende.IdentityServer.Models.IdentityResource)
DA:54,0
BRDA:54,7,0,0
BRDA:54,7,1,0
FN:54,System.String IdentityServerAspNetIdentity.Pages.Grants.Index/<>c::<OnGet>b__9_1(Duende.IdentityServer.Models.ApiScope)
FNDA:0,System.String IdentityServerAspNetIdentity.Pages.Grants.Index/<>c::<OnGet>b__9_1(Duende.IdentityServer.Models.ApiScope)
DA:55,0
BRDA:55,7,0,0
BRDA:55,7,1,0
FN:33,System.Void IdentityServerAspNetIdentity.Pages.Grants.Index/<OnGet>d__9::MoveNext()
FNDA:0,System.Void IdentityServerAspNetIdentity.Pages.Grants.Index/<OnGet>d__9::MoveNext()
DA:34,0
DA:35,0
DA:37,0
DA:38,0
DA:39,0
DA:40,0
DA:41,0
DA:42,0
DA:43,0
DA:45,0
DA:46,0
DA:47,0
DA:48,0
DA:49,0
DA:50,0
DA:51,0
DA:52,0
DA:53,0
DA:56,0
DA:58,0
DA:59,0
DA:60,0
DA:62,0
DA:63,0
DA:64,0
DA:65,0
DA:66,0
BRDA:34,16,0,0
BRDA:34,16,1,0
BRDA:38,863,1,0
BRDA:41,384,0,0
BRDA:45,571,0,0
BRDA:45,571,1,0
BRDA:41,384,1,0
BRDA:38,863,0,0
FN:71,System.Void IdentityServerAspNetIdentity.Pages.Grants.Index/<OnPost>d__14::MoveNext()
FNDA:0,System.Void IdentityServerAspNetIdentity.Pages.Grants.Index/<OnPost>d__14::MoveNext()
DA:72,0
DA:73,0
DA:74,0
DA:75,0
DA:77,0
DA:78,0
LF:47
LH:0
BRF:12
BRH:0
FNF:7
FNH:0
end_of_record
SF:D:\srccodes\achihui_gh\acidserver\src\acidserver\Pages\Grants\ViewModel.cs
FN:4,System.Collections.Generic.IEnumerable`1<IdentityServerAspNetIdentity.Pages.Grants.GrantViewModel> IdentityServerAspNetIdentity.Pages.Grants.ViewModel::get_Grants()
FNDA:0,System.Collections.Generic.IEnumerable`1<IdentityServerAspNetIdentity.Pages.Grants.GrantViewModel> IdentityServerAspNetIdentity.Pages.Grants.ViewModel::get_Grants()
DA:5,0
FN:9,System.String IdentityServerAspNetIdentity.Pages.Grants.GrantViewModel::get_ClientId()
FNDA:0,System.String IdentityServerAspNetIdentity.Pages.Grants.GrantViewModel::get_ClientId()
DA:10,0
FN:10,System.String IdentityServerAspNetIdentity.Pages.Grants.GrantViewModel::get_ClientName()
FNDA:0,System.String IdentityServerAspNetIdentity.Pages.Grants.GrantViewModel::get_ClientName()
DA:11,0
FN:11,System.String IdentityServerAspNetIdentity.Pages.Grants.GrantViewModel::get_ClientUrl()
FNDA:0,System.String IdentityServerAspNetIdentity.Pages.Grants.GrantViewModel::get_ClientUrl()
DA:12,0
FN:12,System.String IdentityServerAspNetIdentity.Pages.Grants.GrantViewModel::get_ClientLogoUrl()
FNDA:0,System.String IdentityServerAspNetIdentity.Pages.Grants.GrantViewModel::get_ClientLogoUrl()
DA:13,0
FN:13,System.String IdentityServerAspNetIdentity.Pages.Grants.GrantViewModel::get_Description()
FNDA:0,System.String IdentityServerAspNetIdentity.Pages.Grants.GrantViewModel::get_Description()
DA:14,0
FN:14,System.DateTime IdentityServerAspNetIdentity.Pages.Grants.GrantViewModel::get_Created()
FNDA:0,System.DateTime IdentityServerAspNetIdentity.Pages.Grants.GrantViewModel::get_Created()
DA:15,0
FN:15,System.Nullable`1<System.DateTime> IdentityServerAspNetIdentity.Pages.Grants.GrantViewModel::get_Expires()
FNDA:0,System.Nullable`1<System.DateTime> IdentityServerAspNetIdentity.Pages.Grants.GrantViewModel::get_Expires()
DA:16,0
FN:16,System.Collections.Generic.IEnumerable`1<System.String> IdentityServerAspNetIdentity.Pages.Grants.GrantViewModel::get_IdentityGrantNames()
FNDA:0,System.Collections.Generic.IEnumerable`1<System.String> IdentityServerAspNetIdentity.Pages.Grants.GrantViewModel::get_IdentityGrantNames()
DA:17,0
FN:17,System.Collections.Generic.IEnumerable`1<System.String> IdentityServerAspNetIdentity.Pages.Grants.GrantViewModel::get_ApiGrantNames()
FNDA:0,System.Collections.Generic.IEnumerable`1<System.String> IdentityServerAspNetIdentity.Pages.Grants.GrantViewModel::get_ApiGrantNames()
DA:18,0
LF:10
LH:0
BRF:0
BRH:0
FNF:10
FNH:0
end_of_record
SF:D:\srccodes\achihui_gh\acidserver\src\acidserver\Pages\ExternalLogin\Callback.cshtml.cs
FN:178,System.Void IdentityServerAspNetIdentity.Pages.ExternalLogin.Callback::CaptureExternalLoginContext(Microsoft.AspNetCore.Authentication.AuthenticateResult,System.Collections.Generic.List`1<System.Security.Claims.Claim>,Microsoft.AspNetCore.Authentication.AuthenticationProperties)
FNDA:0,System.Void IdentityServerAspNetIdentity.Pages.ExternalLogin.Callback::CaptureExternalLoginContext(Microsoft.AspNetCore.Authentication.AuthenticateResult,System.Collections.Generic.List`1<System.Security.Claims.Claim>,Microsoft.AspNetCore.Authentication.AuthenticationProperties)
DA:179,0
DA:180,0
DA:183,0
DA:187,0
DA:188,0
DA:189,0
DA:190,0
DA:191,0
DA:194,0
DA:195,0
DA:196,0
DA:197,0
DA:198,0
DA:199,0
BRDA:183,31,0,0
BRDA:183,31,1,0
BRDA:183,53,0,0
BRDA:183,53,1,0
BRDA:188,126,0,0
BRDA:188,126,1,0
BRDA:194,160,0,0
BRDA:194,160,1,0
BRDA:195,183,0,0
BRDA:195,183,1,0
FN:24,System.Void IdentityServerAspNetIdentity.Pages.ExternalLogin.Callback::.ctor(Duende.IdentityServer.Services.IIdentityServerInteractionService,Duende.IdentityServer.Services.IEventService,Microsoft.Extensions.Logging.ILogger`1<IdentityServerAspNetIdentity.Pages.ExternalLogin.Callback>,Microsoft.AspNetCore.Identity.UserManager`1<IdentityServerAspNetIdentity.Models.ApplicationUser>,Microsoft.AspNetCore.Identity.SignInManager`1<IdentityServerAspNetIdentity.Models.ApplicationUser>)
FNDA:0,System.Void IdentityServerAspNetIdentity.Pages.ExternalLogin.Callback::.ctor(Duende.IdentityServer.Services.IIdentityServerInteractionService,Duende.IdentityServer.Services.IEventService,Microsoft.Extensions.Logging.ILogger`1<IdentityServerAspNetIdentity.Pages.ExternalLogin.Callback>,Microsoft.AspNetCore.Identity.UserManager`1<IdentityServerAspNetIdentity.Models.ApplicationUser>,Microsoft.AspNetCore.Identity.SignInManager`1<IdentityServerAspNetIdentity.Models.ApplicationUser>)
DA:25,0
DA:26,0
DA:27,0
DA:28,0
DA:29,0
DA:30,0
DA:31,0
DA:32,0
DA:33,0
DA:34,0
DA:35,0
DA:36,0
DA:37,0
FN:52,System.String IdentityServerAspNetIdentity.Pages.ExternalLogin.Callback/<>c::<OnGet>b__6_0(System.Security.Claims.Claim)
FNDA:0,System.String IdentityServerAspNetIdentity.Pages.ExternalLogin.Callback/<>c::<OnGet>b__6_0(System.Security.Claims.Claim)
DA:53,0
FN:123,System.Boolean IdentityServerAspNetIdentity.Pages.ExternalLogin.Callback/<>c::<AutoProvisionUserAsync>b__7_0(System.Security.Claims.Claim)
FNDA:0,System.Boolean IdentityServerAspNetIdentity.Pages.ExternalLogin.Callback/<>c::<AutoProvisionUserAsync>b__7_0(System.Security.Claims.Claim)
DA:124,0
FN:124,System.Boolean IdentityServerAspNetIdentity.Pages.ExternalLogin.Callback/<>c::<AutoProvisionUserAsync>b__7_1(System.Security.Claims.Claim)
FNDA:0,System.Boolean IdentityServerAspNetIdentity.Pages.ExternalLogin.Callback/<>c::<AutoProvisionUserAsync>b__7_1(System.Security.Claims.Claim)
DA:125,0
FN:134,System.Boolean IdentityServerAspNetIdentity.Pages.ExternalLogin.Callback/<>c::<AutoProvisionUserAsync>b__7_2(System.Security.Claims.Claim)
FNDA:0,System.Boolean IdentityServerAspNetIdentity.Pages.ExternalLogin.Callback/<>c::<AutoProvisionUserAsync>b__7_2(System.Security.Claims.Claim)
DA:135,0
FN:135,System.Boolean IdentityServerAspNetIdentity.Pages.ExternalLogin.Callback/<>c::<AutoProvisionUserAsync>b__7_3(System.Security.Claims.Claim)
FNDA:0,System.Boolean IdentityServerAspNetIdentity.Pages.ExternalLogin.Callback/<>c::<AutoProvisionUserAsync>b__7_3(System.Security.Claims.Claim)
DA:136,0
FN:142,System.Boolean IdentityServerAspNetIdentity.Pages.ExternalLogin.Callback/<>c::<AutoProvisionUserAsync>b__7_4(System.Security.Claims.Claim)
FNDA:0,System.Boolean IdentityServerAspNetIdentity.Pages.ExternalLogin.Callback/<>c::<AutoProvisionUserAsync>b__7_4(System.Security.Claims.Claim)
DA:143,0
FN:143,System.Boolean IdentityServerAspNetIdentity.Pages.ExternalLogin.Callback/<>c::<AutoProvisionUserAsync>b__7_5(System.Security.Claims.Claim)
FNDA:0,System.Boolean IdentityServerAspNetIdentity.Pages.ExternalLogin.Callback/<>c::<AutoProvisionUserAsync>b__7_5(System.Security.Claims.Claim)
DA:144,0
FN:144,System.Boolean IdentityServerAspNetIdentity.Pages.ExternalLogin.Callback/<>c::<AutoProvisionUserAsync>b__7_6(System.Security.Claims.Claim)
FNDA:0,System.Boolean IdentityServerAspNetIdentity.Pages.ExternalLogin.Callback/<>c::<AutoProvisionUserAsync>b__7_6(System.Security.Claims.Claim)
DA:145,0
FN:145,System.Boolean IdentityServerAspNetIdentity.Pages.ExternalLogin.Callback/<>c::<AutoProvisionUserAsync>b__7_7(System.Security.Claims.Claim)
FNDA:0,System.Boolean IdentityServerAspNetIdentity.Pages.ExternalLogin.Callback/<>c::<AutoProvisionUserAsync>b__7_7(System.Security.Claims.Claim)
DA:146,0
FN:113,System.Void IdentityServerAspNetIdentity.Pages.ExternalLogin.Callback/<AutoProvisionUserAsync>d__7::MoveNext()
FNDA:0,System.Void IdentityServerAspNetIdentity.Pages.ExternalLogin.Callback/<AutoProvisionUserAsync>d__7::MoveNext()
DA:114,0
DA:115,0
DA:117,0
DA:118,0
DA:119,0
DA:120,0
DA:121,0
DA:126,0
DA:127,0
DA:128,0
DA:129,0
DA:132,0
DA:137,0
DA:138,0
DA:139,0
DA:140,0
DA:142,0
DA:147,0
DA:148,0
DA:149,0
DA:150,0
DA:151,0
DA:152,0
DA:153,0
DA:154,0
DA:155,0
DA:156,0
DA:157,0
DA:158,0
DA:159,0
DA:161,0
DA:162,0
DA:164,0
DA:165,0
DA:166,0
DA:167,0
DA:168,0
DA:170,0
DA:171,0
DA:173,0
DA:174,0
BRDA:124,149,0,0
BRDA:124,149,1,0
BRDA:124,161,0,0
BRDA:124,207,0,0
BRDA:124,207,1,0
BRDA:124,161,1,0
BRDA:126,234,0,0
BRDA:126,234,1,0
BRDA:135,311,0,0
BRDA:135,311,1,0
BRDA:135,323,0,0
BRDA:135,369,0,0
BRDA:135,369,1,0
BRDA:135,323,1,0
BRDA:137,398,0,0
BRDA:137,398,1,0
BRDA:143,480,0,0
BRDA:143,480,1,0
BRDA:143,492,0,0
BRDA:143,538,0,0
BRDA:143,538,1,0
BRDA:143,492,1,0
BRDA:145,598,0,0
BRDA:145,598,1,0
BRDA:145,610,0,0
BRDA:145,656,0,0
BRDA:145,656,1,0
BRDA:145,610,1,0
BRDA:147,678,0,0
BRDA:147,678,1,0
BRDA:147,696,0,0
BRDA:147,696,1,0
BRDA:151,759,0,0
BRDA:151,759,1,0
BRDA:155,806,0,0
BRDA:155,806,1,0
BRDA:162,1011,0,0
BRDA:162,1011,1,0
BRDA:164,1058,0,0
BRDA:167,1228,0,0
BRDA:167,1228,1,0
BRDA:164,1058,1,0
BRDA:171,1439,0,0
BRDA:171,1439,1,0
FN:39,System.Void IdentityServerAspNetIdentity.Pages.ExternalLogin.Callback/<OnGet>d__6::MoveNext()
FNDA:0,System.Void IdentityServerAspNetIdentity.Pages.ExternalLogin.Callback/<OnGet>d__6::MoveNext()
DA:40,0
DA:42,0
DA:43,0
DA:44,0
DA:45,0
DA:48,0
DA:49,0
DA:51,0
DA:52,0
DA:54,0
DA:55,0
DA:61,0
DA:62,0
DA:63,0
DA:65,0
DA:66,0
DA:69,0
DA:70,0
DA:71,0
DA:75,0
DA:76,0
DA:81,0
DA:82,0
DA:83,0
DA:86,0
DA:89,0
DA:92,0
DA:95,0
DA:96,0
DA:97,0
DA:99,0
DA:100,0
DA:101,0
DA:102,0
DA:105,0
DA:107,0
DA:109,0
DA:110,0
BRDA:43,229,0,0
BRDA:43,229,1,0
BRDA:48,300,0,0
BRDA:48,300,1,0
BRDA:51,340,0,0
BRDA:51,340,1,0
BRDA:61,445,0,0
BRDA:61,465,0,0
BRDA:61,445,1,0
BRDA:61,465,1,0
BRDA:65,512,0,0
BRDA:65,512,1,0
BRDA:70,706,0,0
BRDA:70,706,1,0
BRDA:92,1179,0,0
BRDA:92,1179,1,0
BRDA:96,1384,0,0
BRDA:96,1384,1,0
BRDA:97,1510,0,0
BRDA:97,1510,1,0
BRDA:99,1551,0,0
BRDA:101,1569,0,0
BRDA:101,1569,1,0
BRDA:99,1551,1,0
LF:115
LH:0
BRF:78
BRH:0
FNF:13
FNH:0
end_of_record
SF:D:\srccodes\achihui_gh\acidserver\src\acidserver\Pages\ExternalLogin\Challenge.cshtml.cs
FN:17,Microsoft.AspNetCore.Mvc.IActionResult IdentityServerAspNetIdentity.Pages.ExternalLogin.Challenge::OnGet(System.String,System.String)
FNDA:0,Microsoft.AspNetCore.Mvc.IActionResult IdentityServerAspNetIdentity.Pages.ExternalLogin.Challenge::OnGet(System.String,System.String)
DA:18,0
DA:19,0
DA:22,0
DA:23,0
DA:25,0
DA:29,0
DA:30,0
DA:31,0
DA:32,0
DA:33,0
DA:34,0
DA:35,0
DA:36,0
DA:37,0
DA:38,0
DA:40,0
DA:41,0
BRDA:19,9,0,0
BRDA:19,9,1,0
BRDA:22,30,0,0
BRDA:22,30,1,0
BRDA:22,52,0,0
BRDA:22,52,1,0
FN:14,System.Void IdentityServerAspNetIdentity.Pages.ExternalLogin.Challenge::.ctor(Duende.IdentityServer.Services.IIdentityServerInteractionService)
FNDA:0,System.Void IdentityServerAspNetIdentity.Pages.ExternalLogin.Challenge::.ctor(Duende.IdentityServer.Services.IIdentityServerInteractionService)
DA:15,0
LF:18
LH:0
BRF:6
BRH:0
FNF:2
FNH:0
end_of_record
SF:D:\srccodes\achihui_gh\acidserver\src\acidserver\Pages\Diagnostics\Index.cshtml.cs
FN:11,IdentityServerAspNetIdentity.Pages.Diagnostics.ViewModel IdentityServerAspNetIdentity.Pages.Diagnostics.Index::get_View()
FNDA:0,IdentityServerAspNetIdentity.Pages.Diagnostics.ViewModel IdentityServerAspNetIdentity.Pages.Diagnostics.Index::get_View()
DA:12,0
FN:14,System.Void IdentityServerAspNetIdentity.Pages.Diagnostics.Index/<OnGet>d__4::MoveNext()
FNDA:0,System.Void IdentityServerAspNetIdentity.Pages.Diagnostics.Index/<OnGet>d__4::MoveNext()
DA:15,0
DA:17,0
DA:18,0
DA:19,0
DA:22,0
DA:24,0
DA:25,0
BRDA:17,38,0,0
BRDA:17,38,1,0
LF:8
LH:0
BRF:2
BRH:0
FNF:2
FNH:0
end_of_record
SF:D:\srccodes\achihui_gh\acidserver\src\acidserver\Pages\Diagnostics\ViewModel.cs
FN:31,Microsoft.AspNetCore.Authentication.AuthenticateResult IdentityServerAspNetIdentity.Pages.Diagnostics.ViewModel::get_AuthenticateResult()
FNDA:0,Microsoft.AspNetCore.Authentication.AuthenticateResult IdentityServerAspNetIdentity.Pages.Diagnostics.ViewModel::get_AuthenticateResult()
DA:32,0
FN:32,System.Collections.Generic.IEnumerable`1<System.String> IdentityServerAspNetIdentity.Pages.Diagnostics.ViewModel::get_Clients()
FNDA:0,System.Collections.Generic.IEnumerable`1<System.String> IdentityServerAspNetIdentity.Pages.Diagnostics.ViewModel::get_Clients()
DA:33,0
FN:8,System.Void IdentityServerAspNetIdentity.Pages.Diagnostics.ViewModel::.ctor(Microsoft.AspNetCore.Authentication.AuthenticateResult)
FNDA:0,System.Void IdentityServerAspNetIdentity.Pages.Diagnostics.ViewModel::.ctor(Microsoft.AspNetCore.Authentication.AuthenticateResult)
DA:9,0
DA:10,0
DA:11,0
DA:13,0
DA:14,0
DA:15,0
DA:16,0
DA:17,0
DA:18,0
DA:20,0
DA:21,0
DA:23,0
DA:24,0
DA:25,0
DA:26,0
DA:28,0
DA:29,0
DA:30,0
BRDA:13,16,0,0
BRDA:13,16,1,0
BRDA:13,28,0,0
BRDA:13,28,1,0
BRDA:13,74,0,0
BRDA:15,86,0,0
BRDA:18,131,0,0
BRDA:18,131,1,0
BRDA:18,138,1,0
BRDA:18,138,0,0
BRDA:25,211,0,0
BRDA:25,211,1,0
BRDA:15,86,1,0
BRDA:13,74,1,0
LF:20
LH:0
BRF:14
BRH:0
FNF:3
FNH:0
end_of_record
SF:D:\srccodes\achihui_gh\acidserver\src\acidserver\Pages\Device\DeviceOptions.cs
FN:4,System.Void IdentityServerAspNetIdentity.Pages.Device.DeviceOptions::.cctor()
FNDA:0,System.Void IdentityServerAspNetIdentity.Pages.Device.DeviceOptions::.cctor()
DA:5,0
DA:6,0
DA:7,0
DA:9,0
DA:10,0
DA:11,0
LF:6
LH:0
BRF:0
BRH:0
FNF:1
FNH:0
end_of_record
SF:D:\srccodes\achihui_gh\acidserver\src\acidserver\Pages\Device\Index.cshtml.cs
FN:32,IdentityServerAspNetIdentity.Pages.Device.ViewModel IdentityServerAspNetIdentity.Pages.Device.Index::get_View()
FNDA:0,IdentityServerAspNetIdentity.Pages.Device.ViewModel IdentityServerAspNetIdentity.Pages.Device.Index::get_View()
DA:33,0
FN:35,IdentityServerAspNetIdentity.Pages.Device.InputModel IdentityServerAspNetIdentity.Pages.Device.Index::get_Input()
FNDA:0,IdentityServerAspNetIdentity.Pages.Device.InputModel IdentityServerAspNetIdentity.Pages.Device.Index::get_Input()
DA:36,0
FN:146,IdentityServerAspNetIdentity.Pages.Device.ViewModel IdentityServerAspNetIdentity.Pages.Device.Index::CreateConsentViewModel(Duende.IdentityServer.Models.DeviceFlowAuthorizationRequest)
FNDA:0,IdentityServerAspNetIdentity.Pages.Device.ViewModel IdentityServerAspNetIdentity.Pages.Device.Index::CreateConsentViewModel(Duende.IdentityServer.Models.DeviceFlowAuthorizationRequest)
DA:147,0
DA:148,0
DA:149,0
DA:150,0
DA:151,0
DA:152,0
DA:153,0
DA:154,0
DA:156,0
DA:158,0
DA:159,0
DA:160,0
DA:161,0
DA:162,0
DA:163,0
DA:164,0
DA:165,0
DA:166,0
DA:167,0
DA:168,0
DA:169,0
DA:170,0
DA:171,0
DA:172,0
DA:174,0
DA:175,0
BRDA:148,19,0,0
BRDA:148,19,1,0
BRDA:159,269,1,0
BRDA:162,206,0,0
BRDA:164,218,0,0
BRDA:164,218,1,0
BRDA:162,206,1,0
BRDA:159,269,0,0
BRDA:168,289,0,0
BRDA:168,289,1,0
BRDA:168,314,0,0
BRDA:170,324,0,0
BRDA:170,324,1,0
BRDA:168,314,1,0
FN:176,IdentityServerAspNetIdentity.Pages.Device.ScopeViewModel IdentityServerAspNetIdentity.Pages.Device.Index::CreateScopeViewModel(Duende.IdentityServer.Models.IdentityResource,System.Boolean)
FNDA:0,IdentityServerAspNetIdentity.Pages.Device.ScopeViewModel IdentityServerAspNetIdentity.Pages.Device.Index::CreateScopeViewModel(Duende.IdentityServer.Models.IdentityResource,System.Boolean)
DA:177,0
DA:178,0
DA:179,0
DA:180,0
DA:181,0
DA:182,0
DA:183,0
DA:184,0
DA:185,0
BRDA:177,26,0,0
BRDA:177,26,1,0
BRDA:177,82,0,0
BRDA:177,82,1,0
FN:186,IdentityServerAspNetIdentity.Pages.Device.ScopeViewModel IdentityServerAspNetIdentity.Pages.Device.Index::CreateScopeViewModel(Duende.IdentityServer.Validation.ParsedScopeValue,Duende.IdentityServer.Models.ApiScope,System.Boolean)
FNDA:0,IdentityServerAspNetIdentity.Pages.Device.ScopeViewModel IdentityServerAspNetIdentity.Pages.Device.Index::CreateScopeViewModel(Duende.IdentityServer.Validation.ParsedScopeValue,Duende.IdentityServer.Models.ApiScope,System.Boolean)
DA:187,0
DA:188,0
DA:189,0
DA:190,0
DA:191,0
DA:192,0
DA:193,0
DA:194,0
DA:195,0
DA:196,0
BRDA:187,26,0,0
BRDA:187,26,1,0
BRDA:187,82,0,0
BRDA:187,82,1,0
FN:197,IdentityServerAspNetIdentity.Pages.Device.ScopeViewModel IdentityServerAspNetIdentity.Pages.Device.Index::GetOfflineAccessScope(System.Boolean)
FNDA:0,IdentityServerAspNetIdentity.Pages.Device.ScopeViewModel IdentityServerAspNetIdentity.Pages.Device.Index::GetOfflineAccessScope(System.Boolean)
DA:198,0
DA:199,0
DA:200,0
DA:201,0
DA:202,0
DA:203,0
DA:204,0
DA:205,0
FN:22,System.Void IdentityServerAspNetIdentity.Pages.Device.Index::.ctor(Duende.IdentityServer.Services.IDeviceFlowInteractionService,Duende.IdentityServer.Services.IEventService,Microsoft.Extensions.Options.IOptions`1<Duende.IdentityServer.Configuration.IdentityServerOptions>)
FNDA:0,System.Void IdentityServerAspNetIdentity.Pages.Device.Index::.ctor(Duende.IdentityServer.Services.IDeviceFlowInteractionService,Duende.IdentityServer.Services.IEventService,Microsoft.Extensions.Options.IOptions`1<Duende.IdentityServer.Configuration.IdentityServerOptions>)
DA:23,0
DA:24,0
DA:25,0
DA:26,0
DA:27,0
DA:28,0
DA:29,0
DA:30,0
DA:31,0
FN:75,System.String IdentityServerAspNetIdentity.Pages.Device.Index/<>c::<OnPost>b__13_0(Duende.IdentityServer.Validation.ParsedScopeValue)
FNDA:0,System.String IdentityServerAspNetIdentity.Pages.Device.Index/<>c::<OnPost>b__13_0(Duende.IdentityServer.Validation.ParsedScopeValue)
DA:76,0
FN:86,System.Boolean IdentityServerAspNetIdentity.Pages.Device.Index/<>c::<OnPost>b__13_1(System.String)
FNDA:0,System.Boolean IdentityServerAspNetIdentity.Pages.Device.Index/<>c::<OnPost>b__13_1(System.String)
DA:87,0
FN:99,System.String IdentityServerAspNetIdentity.Pages.Device.Index/<>c::<OnPost>b__13_2(Duende.IdentityServer.Validation.ParsedScopeValue)
FNDA:0,System.String IdentityServerAspNetIdentity.Pages.Device.Index/<>c::<OnPost>b__13_2(Duende.IdentityServer.Validation.ParsedScopeValue)
DA:100,0
FN:38,System.Void IdentityServerAspNetIdentity.Pages.Device.Index/<OnGet>d__12::MoveNext()
FNDA:0,System.Void IdentityServerAspNetIdentity.Pages.Device.Index/<OnGet>d__12::MoveNext()
DA:39,0
DA:40,0
DA:41,0
DA:42,0
DA:45,0
DA:46,0
DA:47,0
DA:48,0
DA:51,0
DA:52,0
DA:53,0
DA:54,0
DA:56,0
DA:57,0
BRDA:40,28,0,0
BRDA:40,28,1,0
BRDA:45,175,0,0
BRDA:45,175,1,0
FN:59,System.Void IdentityServerAspNetIdentity.Pages.Device.Index/<OnPost>d__13::MoveNext()
FNDA:0,System.Void IdentityServerAspNetIdentity.Pages.Device.Index/<OnPost>d__13::MoveNext()
DA:60,0
DA:61,0
DA:62,0
DA:64,0
DA:67,0
DA:68,0
DA:69,0
DA:70,0
DA:71,0
DA:72,0
DA:75,0
DA:77,0
DA:79,0
DA:80,0
DA:82,0
DA:83,0
DA:84,0
DA:85,0
DA:86,0
DA:88,0
DA:90,0
DA:91,0
DA:92,0
DA:93,0
DA:94,0
DA:95,0
DA:98,0
DA:99,0
DA:101,0
DA:102,0
DA:104,0
DA:105,0
DA:106,0
DA:107,0
DA:109,0
DA:110,0
DA:111,0
DA:113,0
DA:114,0
DA:116,0
DA:119,0
DA:123,0
DA:124,0
DA:125,0
DA:127,0
DA:128,0
BRDA:61,86,0,0
BRDA:61,86,1,0
BRDA:62,232,0,0
BRDA:62,232,1,0
BRDA:67,293,0,0
BRDA:67,293,1,0
BRDA:79,595,0,0
BRDA:82,626,0,0
BRDA:85,666,0,0
BRDA:85,666,1,0
BRDA:82,626,1,0
BRDA:79,595,1,0
BRDA:113,1214,0,0
BRDA:113,1214,1,0
BRDA:123,1511,0,0
BRDA:123,1511,1,0
FN:131,System.Void IdentityServerAspNetIdentity.Pages.Device.Index/<SetViewModelAsync>d__14::MoveNext()
FNDA:0,System.Void IdentityServerAspNetIdentity.Pages.Device.Index/<SetViewModelAsync>d__14::MoveNext()
DA:132,0
DA:133,0
DA:134,0
DA:135,0
DA:136,0
DA:137,0
DA:140,0
DA:141,0
DA:142,0
DA:144,0
BRDA:134,164,0,0
BRDA:134,164,1,0
LF:137
LH:0
BRF:46
BRH:0
FNF:13
FNH:0
end_of_record
SF:D:\srccodes\achihui_gh\acidserver\src\acidserver\Pages\Device\InputModel.cs
FN:4,System.String IdentityServerAspNetIdentity.Pages.Device.InputModel::get_Button()
FNDA:0,System.String IdentityServerAspNetIdentity.Pages.Device.InputModel::get_Button()
DA:5,0
FN:5,System.Collections.Generic.IEnumerable`1<System.String> IdentityServerAspNetIdentity.Pages.Device.InputModel::get_ScopesConsented()
FNDA:0,System.Collections.Generic.IEnumerable`1<System.String> IdentityServerAspNetIdentity.Pages.Device.InputModel::get_ScopesConsented()
DA:6,0
FN:6,System.Boolean IdentityServerAspNetIdentity.Pages.Device.InputModel::get_RememberConsent()
FNDA:0,System.Boolean IdentityServerAspNetIdentity.Pages.Device.InputModel::get_RememberConsent()
DA:7,0
FN:7,System.String IdentityServerAspNetIdentity.Pages.Device.InputModel::get_ReturnUrl()
FNDA:0,System.String IdentityServerAspNetIdentity.Pages.Device.InputModel::get_ReturnUrl()
DA:8,0
FN:8,System.String IdentityServerAspNetIdentity.Pages.Device.InputModel::get_Description()
FNDA:0,System.String IdentityServerAspNetIdentity.Pages.Device.InputModel::get_Description()
DA:9,0
FN:9,System.String IdentityServerAspNetIdentity.Pages.Device.InputModel::get_UserCode()
FNDA:0,System.String IdentityServerAspNetIdentity.Pages.Device.InputModel::get_UserCode()
DA:10,0
LF:6
LH:0
BRF:0
BRH:0
FNF:6
FNH:0
end_of_record
SF:D:\srccodes\achihui_gh\acidserver\src\acidserver\Pages\Device\Success.cshtml.cs
FN:10,System.Void IdentityServerAspNetIdentity.Pages.Device.SuccessModel::OnGet()
FNDA:0,System.Void IdentityServerAspNetIdentity.Pages.Device.SuccessModel::OnGet()
DA:11,0
DA:12,0
LF:2
LH:0
BRF:0
BRH:0
FNF:1
FNH:0
end_of_record
SF:D:\srccodes\achihui_gh\acidserver\src\acidserver\Pages\Device\ViewModel.cs
FN:4,System.String IdentityServerAspNetIdentity.Pages.Device.ViewModel::get_ClientName()
FNDA:0,System.String IdentityServerAspNetIdentity.Pages.Device.ViewModel::get_ClientName()
DA:5,0
FN:5,System.String IdentityServerAspNetIdentity.Pages.Device.ViewModel::get_ClientUrl()
FNDA:0,System.String IdentityServerAspNetIdentity.Pages.Device.ViewModel::get_ClientUrl()
DA:6,0
FN:6,System.String IdentityServerAspNetIdentity.Pages.Device.ViewModel::get_ClientLogoUrl()
FNDA:0,System.String IdentityServerAspNetIdentity.Pages.Device.ViewModel::get_ClientLogoUrl()
DA:7,0
FN:7,System.Boolean IdentityServerAspNetIdentity.Pages.Device.ViewModel::get_AllowRememberConsent()
FNDA:0,System.Boolean IdentityServerAspNetIdentity.Pages.Device.ViewModel::get_AllowRememberConsent()
DA:8,0
FN:9,System.Collections.Generic.IEnumerable`1<IdentityServerAspNetIdentity.Pages.Device.ScopeViewModel> IdentityServerAspNetIdentity.Pages.Device.ViewModel::get_IdentityScopes()
FNDA:0,System.Collections.Generic.IEnumerable`1<IdentityServerAspNetIdentity.Pages.Device.ScopeViewModel> IdentityServerAspNetIdentity.Pages.Device.ViewModel::get_IdentityScopes()
DA:10,0
FN:10,System.Collections.Generic.IEnumerable`1<IdentityServerAspNetIdentity.Pages.Device.ScopeViewModel> IdentityServerAspNetIdentity.Pages.Device.ViewModel::get_ApiScopes()
FNDA:0,System.Collections.Generic.IEnumerable`1<IdentityServerAspNetIdentity.Pages.Device.ScopeViewModel> IdentityServerAspNetIdentity.Pages.Device.ViewModel::get_ApiScopes()
DA:11,0
FN:15,System.String IdentityServerAspNetIdentity.Pages.Device.ScopeViewModel::get_Value()
FNDA:0,System.String IdentityServerAspNetIdentity.Pages.Device.ScopeViewModel::get_Value()
DA:16,0
FN:16,System.String IdentityServerAspNetIdentity.Pages.Device.ScopeViewModel::get_DisplayName()
FNDA:0,System.String IdentityServerAspNetIdentity.Pages.Device.ScopeViewModel::get_DisplayName()
DA:17,0
FN:17,System.String IdentityServerAspNetIdentity.Pages.Device.ScopeViewModel::get_Description()
FNDA:0,System.String IdentityServerAspNetIdentity.Pages.Device.ScopeViewModel::get_Description()
DA:18,0
FN:18,System.Boolean IdentityServerAspNetIdentity.Pages.Device.ScopeViewModel::get_Emphasize()
FNDA:0,System.Boolean IdentityServerAspNetIdentity.Pages.Device.ScopeViewModel::get_Emphasize()
DA:19,0
FN:19,System.Boolean IdentityServerAspNetIdentity.Pages.Device.ScopeViewModel::get_Required()
FNDA:0,System.Boolean IdentityServerAspNetIdentity.Pages.Device.ScopeViewModel::get_Required()
DA:20,0
FN:20,System.Boolean IdentityServerAspNetIdentity.Pages.Device.ScopeViewModel::get_Checked()
FNDA:0,System.Boolean IdentityServerAspNetIdentity.Pages.Device.ScopeViewModel::get_Checked()
DA:21,0
LF:12
LH:0
BRF:0
BRH:0
FNF:12
FNH:0
end_of_record
SF:D:\srccodes\achihui_gh\acidserver\src\acidserver\Pages\Consent\ConsentOptions.cs
FN:4,System.Void IdentityServerAspNetIdentity.Pages.Consent.ConsentOptions::.cctor()
FNDA:0,System.Void IdentityServerAspNetIdentity.Pages.Consent.ConsentOptions::.cctor()
DA:5,0
DA:6,0
DA:7,0
DA:9,0
DA:10,0
LF:5
LH:0
BRF:0
BRH:0
FNF:1
FNH:0
end_of_record
SF:D:\srccodes\achihui_gh\acidserver\src\acidserver\Pages\Consent\Index.cshtml.cs
FN:30,IdentityServerAspNetIdentity.Pages.Consent.ViewModel IdentityServerAspNetIdentity.Pages.Consent.Index::get_View()
FNDA:0,IdentityServerAspNetIdentity.Pages.Consent.ViewModel IdentityServerAspNetIdentity.Pages.Consent.Index::get_View()
DA:31,0
FN:33,IdentityServerAspNetIdentity.Pages.Consent.InputModel IdentityServerAspNetIdentity.Pages.Consent.Index::get_Input()
FNDA:0,IdentityServerAspNetIdentity.Pages.Consent.InputModel IdentityServerAspNetIdentity.Pages.Consent.Index::get_Input()
DA:34,0
FN:146,IdentityServerAspNetIdentity.Pages.Consent.ViewModel IdentityServerAspNetIdentity.Pages.Consent.Index::CreateConsentViewModel(Duende.IdentityServer.Models.AuthorizationRequest)
FNDA:0,IdentityServerAspNetIdentity.Pages.Consent.ViewModel IdentityServerAspNetIdentity.Pages.Consent.Index::CreateConsentViewModel(Duende.IdentityServer.Models.AuthorizationRequest)
DA:147,0
DA:148,0
DA:149,0
DA:150,0
DA:151,0
DA:152,0
DA:153,0
DA:154,0
DA:156,0
DA:157,0
DA:158,0
DA:160,0
DA:161,0
DA:163,0
DA:164,0
DA:165,0
DA:166,0
DA:167,0
DA:168,0
DA:169,0
DA:170,0
DA:171,0
DA:172,0
DA:173,0
DA:174,0
DA:175,0
DA:176,0
DA:177,0
DA:178,0
DA:179,0
DA:180,0
DA:181,0
DA:182,0
DA:183,0
DA:185,0
DA:186,0
BRDA:148,32,0,0
BRDA:148,32,1,0
BRDA:160,174,0,0
BRDA:160,174,1,0
BRDA:164,459,1,0
BRDA:167,312,0,0
BRDA:169,333,0,0
BRDA:169,333,1,0
BRDA:167,312,1,0
BRDA:164,459,0,0
BRDA:179,484,0,0
BRDA:179,484,1,0
BRDA:179,509,0,0
BRDA:181,519,0,0
BRDA:181,519,1,0
BRDA:179,509,1,0
BRDA:171,26,0,0
BRDA:171,26,1,0
BRDA:157,12,0,0
BRDA:157,12,1,0
FN:187,IdentityServerAspNetIdentity.Pages.Consent.ScopeViewModel IdentityServerAspNetIdentity.Pages.Consent.Index::CreateScopeViewModel(Duende.IdentityServer.Models.IdentityResource,System.Boolean)
FNDA:0,IdentityServerAspNetIdentity.Pages.Consent.ScopeViewModel IdentityServerAspNetIdentity.Pages.Consent.Index::CreateScopeViewModel(Duende.IdentityServer.Models.IdentityResource,System.Boolean)
DA:188,0
DA:189,0
DA:190,0
DA:191,0
DA:192,0
DA:193,0
DA:194,0
DA:195,0
DA:196,0
DA:197,0
BRDA:188,39,0,0
BRDA:188,39,1,0
BRDA:188,95,0,0
BRDA:188,95,1,0
FN:199,IdentityServerAspNetIdentity.Pages.Consent.ScopeViewModel IdentityServerAspNetIdentity.Pages.Consent.Index::CreateScopeViewModel(Duende.IdentityServer.Validation.ParsedScopeValue,Duende.IdentityServer.Models.ApiScope,System.Boolean)
FNDA:0,IdentityServerAspNetIdentity.Pages.Consent.ScopeViewModel IdentityServerAspNetIdentity.Pages.Consent.Index::CreateScopeViewModel(Duende.IdentityServer.Validation.ParsedScopeValue,Duende.IdentityServer.Models.ApiScope,System.Boolean)
DA:200,0
DA:201,0
DA:202,0
DA:203,0
DA:204,0
DA:205,0
DA:207,0
DA:208,0
DA:209,0
DA:210,0
DA:211,0
DA:212,0
DA:213,0
DA:214,0
DA:215,0
DA:216,0
DA:217,0
BRDA:201,8,0,0
BRDA:201,8,1,0
BRDA:202,34,0,0
BRDA:202,34,1,0
BRDA:207,136,0,0
BRDA:207,136,1,0
FN:218,IdentityServerAspNetIdentity.Pages.Consent.ScopeViewModel IdentityServerAspNetIdentity.Pages.Consent.Index::CreateOfflineAccessScope(System.Boolean)
FNDA:0,IdentityServerAspNetIdentity.Pages.Consent.ScopeViewModel IdentityServerAspNetIdentity.Pages.Consent.Index::CreateOfflineAccessScope(System.Boolean)
DA:219,0
DA:220,0
DA:221,0
DA:222,0
DA:223,0
DA:224,0
DA:225,0
DA:226,0
FN:20,System.Void IdentityServerAspNetIdentity.Pages.Consent.Index::.ctor(Duende.IdentityServer.Services.IIdentityServerInteractionService,Duende.IdentityServer.Services.IEventService,Microsoft.Extensions.Logging.ILogger`1<IdentityServerAspNetIdentity.Pages.Consent.Index>)
FNDA:0,System.Void IdentityServerAspNetIdentity.Pages.Consent.Index::.ctor(Duende.IdentityServer.Services.IIdentityServerInteractionService,Duende.IdentityServer.Services.IEventService,Microsoft.Extensions.Logging.ILogger`1<IdentityServerAspNetIdentity.Pages.Consent.Index>)
DA:21,0
DA:22,0
DA:23,0
DA:24,0
DA:25,0
DA:26,0
DA:27,0
DA:28,0
DA:29,0
FN:36,System.Void IdentityServerAspNetIdentity.Pages.Consent.Index/<OnGet>d__12::MoveNext()
FNDA:0,System.Void IdentityServerAspNetIdentity.Pages.Consent.Index/<OnGet>d__12::MoveNext()
DA:37,0
DA:38,0
DA:39,0
DA:40,0
DA:43,0
DA:44,0
DA:45,0
DA:46,0
DA:48,0
DA:49,0
BRDA:38,139,0,0
BRDA:38,139,1,0
FN:51,System.Void IdentityServerAspNetIdentity.Pages.Consent.Index/<OnPost>d__13::MoveNext()
FNDA:0,System.Void IdentityServerAspNetIdentity.Pages.Consent.Index/<OnPost>d__13::MoveNext()
DA:52,0
DA:54,0
DA:55,0
DA:57,0
DA:60,0
DA:61,0
DA:62,0
DA:65,0
DA:67,0
DA:69,0
DA:70,0
DA:72,0
DA:73,0
DA:74,0
DA:75,0
DA:76,0
DA:78,0
DA:80,0
DA:81,0
DA:82,0
DA:83,0
DA:84,0
DA:85,0
DA:88,0
DA:89,0
DA:91,0
DA:92,0
DA:94,0
DA:95,0
DA:96,0
DA:97,0
DA:99,0
DA:100,0
DA:101,0
DA:103,0
DA:104,0
DA:105,0
DA:108,0
DA:111,0
DA:112,0
DA:115,0
DA:118,0
DA:122,0
DA:123,0
DA:124,0
DA:126,0
DA:127,0
BRDA:55,217,0,0
BRDA:55,217,1,0
BRDA:60,278,0,0
BRDA:60,278,1,0
BRDA:69,580,0,0
BRDA:72,611,0,0
BRDA:75,651,0,0
BRDA:75,651,1,0
BRDA:72,611,1,0
BRDA:69,580,1,0
BRDA:103,1199,0,0
BRDA:111,1369,0,0
BRDA:111,1369,1,0
BRDA:103,1199,1,0
BRDA:122,1576,0,0
BRDA:122,1576,1,0
FN:129,System.Void IdentityServerAspNetIdentity.Pages.Consent.Index/<SetViewModelAsync>d__14::MoveNext()
FNDA:0,System.Void IdentityServerAspNetIdentity.Pages.Consent.Index/<SetViewModelAsync>d__14::MoveNext()
DA:130,0
DA:131,0
DA:133,0
DA:134,0
DA:135,0
DA:136,0
DA:137,0
DA:140,0
DA:141,0
DA:142,0
DA:144,0
BRDA:134,181,0,0
BRDA:134,181,1,0
LF:150
LH:0
BRF:50
BRH:0
FNF:10
FNH:0
end_of_record
SF:D:\srccodes\achihui_gh\acidserver\src\acidserver\Pages\Consent\InputModel.cs
FN:4,System.String IdentityServerAspNetIdentity.Pages.Consent.InputModel::get_Button()
FNDA:0,System.String IdentityServerAspNetIdentity.Pages.Consent.InputModel::get_Button()
DA:5,0
FN:5,System.Collections.Generic.IEnumerable`1<System.String> IdentityServerAspNetIdentity.Pages.Consent.InputModel::get_ScopesConsented()
FNDA:0,System.Collections.Generic.IEnumerable`1<System.String> IdentityServerAspNetIdentity.Pages.Consent.InputModel::get_ScopesConsented()
DA:6,0
FN:6,System.Boolean IdentityServerAspNetIdentity.Pages.Consent.InputModel::get_RememberConsent()
FNDA:0,System.Boolean IdentityServerAspNetIdentity.Pages.Consent.InputModel::get_RememberConsent()
DA:7,0
FN:7,System.String IdentityServerAspNetIdentity.Pages.Consent.InputModel::get_ReturnUrl()
FNDA:0,System.String IdentityServerAspNetIdentity.Pages.Consent.InputModel::get_ReturnUrl()
DA:8,0
FN:8,System.String IdentityServerAspNetIdentity.Pages.Consent.InputModel::get_Description()
FNDA:0,System.String IdentityServerAspNetIdentity.Pages.Consent.InputModel::get_Description()
DA:9,0
LF:5
LH:0
BRF:0
BRH:0
FNF:5
FNH:0
end_of_record
SF:D:\srccodes\achihui_gh\acidserver\src\acidserver\Pages\Consent\ViewModel.cs
FN:4,System.String IdentityServerAspNetIdentity.Pages.Consent.ViewModel::get_ClientName()
FNDA:0,System.String IdentityServerAspNetIdentity.Pages.Consent.ViewModel::get_ClientName()
DA:5,0
FN:5,System.String IdentityServerAspNetIdentity.Pages.Consent.ViewModel::get_ClientUrl()
FNDA:0,System.String IdentityServerAspNetIdentity.Pages.Consent.ViewModel::get_ClientUrl()
DA:6,0
FN:6,System.String IdentityServerAspNetIdentity.Pages.Consent.ViewModel::get_ClientLogoUrl()
FNDA:0,System.String IdentityServerAspNetIdentity.Pages.Consent.ViewModel::get_ClientLogoUrl()
DA:7,0
FN:7,System.Boolean IdentityServerAspNetIdentity.Pages.Consent.ViewModel::get_AllowRememberConsent()
FNDA:0,System.Boolean IdentityServerAspNetIdentity.Pages.Consent.ViewModel::get_AllowRememberConsent()
DA:8,0
FN:9,System.Collections.Generic.IEnumerable`1<IdentityServerAspNetIdentity.Pages.Consent.ScopeViewModel> IdentityServerAspNetIdentity.Pages.Consent.ViewModel::get_IdentityScopes()
FNDA:0,System.Collections.Generic.IEnumerable`1<IdentityServerAspNetIdentity.Pages.Consent.ScopeViewModel> IdentityServerAspNetIdentity.Pages.Consent.ViewModel::get_IdentityScopes()
DA:10,0
FN:10,System.Collections.Generic.IEnumerable`1<IdentityServerAspNetIdentity.Pages.Consent.ScopeViewModel> IdentityServerAspNetIdentity.Pages.Consent.ViewModel::get_ApiScopes()
FNDA:0,System.Collections.Generic.IEnumerable`1<IdentityServerAspNetIdentity.Pages.Consent.ScopeViewModel> IdentityServerAspNetIdentity.Pages.Consent.ViewModel::get_ApiScopes()
DA:11,0
FN:15,System.String IdentityServerAspNetIdentity.Pages.Consent.ScopeViewModel::get_Name()
FNDA:0,System.String IdentityServerAspNetIdentity.Pages.Consent.ScopeViewModel::get_Name()
DA:16,0
FN:16,System.String IdentityServerAspNetIdentity.Pages.Consent.ScopeViewModel::get_Value()
FNDA:0,System.String IdentityServerAspNetIdentity.Pages.Consent.ScopeViewModel::get_Value()
DA:17,0
FN:17,System.String IdentityServerAspNetIdentity.Pages.Consent.ScopeViewModel::get_DisplayName()
FNDA:0,System.String IdentityServerAspNetIdentity.Pages.Consent.ScopeViewModel::get_DisplayName()
DA:18,0
FN:18,System.String IdentityServerAspNetIdentity.Pages.Consent.ScopeViewModel::get_Description()
FNDA:0,System.String IdentityServerAspNetIdentity.Pages.Consent.ScopeViewModel::get_Description()
DA:19,0
FN:19,System.Boolean IdentityServerAspNetIdentity.Pages.Consent.ScopeViewModel::get_Emphasize()
FNDA:0,System.Boolean IdentityServerAspNetIdentity.Pages.Consent.ScopeViewModel::get_Emphasize()
DA:20,0
FN:20,System.Boolean IdentityServerAspNetIdentity.Pages.Consent.ScopeViewModel::get_Required()
FNDA:0,System.Boolean IdentityServerAspNetIdentity.Pages.Consent.ScopeViewModel::get_Required()
DA:21,0
FN:21,System.Boolean IdentityServerAspNetIdentity.Pages.Consent.ScopeViewModel::get_Checked()
FNDA:0,System.Boolean IdentityServerAspNetIdentity.Pages.Consent.ScopeViewModel::get_Checked()
DA:22,0
FN:22,System.Collections.Generic.IEnumerable`1<IdentityServerAspNetIdentity.Pages.Consent.ResourceViewModel> IdentityServerAspNetIdentity.Pages.Consent.ScopeViewModel::get_Resources()
FNDA:0,System.Collections.Generic.IEnumerable`1<IdentityServerAspNetIdentity.Pages.Consent.ResourceViewModel> IdentityServerAspNetIdentity.Pages.Consent.ScopeViewModel::get_Resources()
DA:23,0
FN:27,System.String IdentityServerAspNetIdentity.Pages.Consent.ResourceViewModel::get_Name()
FNDA:0,System.String IdentityServerAspNetIdentity.Pages.Consent.ResourceViewModel::get_Name()
DA:28,0
FN:28,System.String IdentityServerAspNetIdentity.Pages.Consent.ResourceViewModel::get_DisplayName()
FNDA:0,System.String IdentityServerAspNetIdentity.Pages.Consent.ResourceViewModel::get_DisplayName()
DA:29,0
LF:16
LH:0
BRF:0
BRH:0
FNF:16
FNH:0
end_of_record
SF:D:\srccodes\achihui_gh\acidserver\src\acidserver\Pages\Ciba\All.cshtml.cs
FN:11,System.Collections.Generic.IEnumerable`1<Duende.IdentityServer.Models.BackchannelUserLoginRequest> IdentityServerAspNetIdentity.Pages.Ciba.AllModel::get_Logins()
FNDA:0,System.Collections.Generic.IEnumerable`1<Duende.IdentityServer.Models.BackchannelUserLoginRequest> IdentityServerAspNetIdentity.Pages.Ciba.AllModel::get_Logins()
DA:12,0
FN:15,System.Void IdentityServerAspNetIdentity.Pages.Ciba.AllModel::.ctor(Duende.IdentityServer.Services.IBackchannelAuthenticationInteractionService)
FNDA:0,System.Void IdentityServerAspNetIdentity.Pages.Ciba.AllModel::.ctor(Duende.IdentityServer.Services.IBackchannelAuthenticationInteractionService)
DA:16,0
FN:17,System.Void IdentityServerAspNetIdentity.Pages.Ciba.AllModel/<OnGet>d__6::MoveNext()
FNDA:0,System.Void IdentityServerAspNetIdentity.Pages.Ciba.AllModel/<OnGet>d__6::MoveNext()
DA:18,0
LF:3
LH:0
BRF:0
BRH:0
FNF:3
FNH:0
end_of_record
SF:D:\srccodes\achihui_gh\acidserver\src\acidserver\Pages\Ciba\Consent.cshtml.cs
FN:29,IdentityServerAspNetIdentity.Pages.Ciba.ViewModel IdentityServerAspNetIdentity.Pages.Ciba.Consent::get_View()
FNDA:0,IdentityServerAspNetIdentity.Pages.Ciba.ViewModel IdentityServerAspNetIdentity.Pages.Ciba.Consent::get_View()
DA:30,0
FN:32,IdentityServerAspNetIdentity.Pages.Ciba.InputModel IdentityServerAspNetIdentity.Pages.Ciba.Consent::get_Input()
FNDA:0,IdentityServerAspNetIdentity.Pages.Ciba.InputModel IdentityServerAspNetIdentity.Pages.Ciba.Consent::get_Input()
DA:33,0
FN:138,IdentityServerAspNetIdentity.Pages.Ciba.ViewModel IdentityServerAspNetIdentity.Pages.Ciba.Consent::CreateConsentViewModel(Duende.IdentityServer.Models.BackchannelUserLoginRequest)
FNDA:0,IdentityServerAspNetIdentity.Pages.Ciba.ViewModel IdentityServerAspNetIdentity.Pages.Ciba.Consent::CreateConsentViewModel(Duende.IdentityServer.Models.BackchannelUserLoginRequest)
DA:139,0
DA:140,0
DA:141,0
DA:142,0
DA:143,0
DA:144,0
DA:145,0
DA:146,0
DA:148,0
DA:149,0
DA:150,0
DA:152,0
DA:153,0
DA:155,0
DA:156,0
DA:157,0
DA:158,0
DA:159,0
DA:160,0
DA:161,0
DA:162,0
DA:163,0
DA:164,0
DA:165,0
DA:166,0
DA:167,0
DA:168,0
DA:169,0
DA:170,0
DA:171,0
DA:172,0
DA:173,0
DA:174,0
DA:175,0
DA:177,0
DA:178,0
BRDA:140,32,0,0
BRDA:140,32,1,0
BRDA:152,155,0,0
BRDA:152,155,1,0
BRDA:156,440,1,0
BRDA:159,293,0,0
BRDA:161,314,0,0
BRDA:161,314,1,0
BRDA:159,293,1,0
BRDA:156,440,0,0
BRDA:171,465,0,0
BRDA:171,465,1,0
BRDA:171,490,0,0
BRDA:173,500,0,0
BRDA:173,500,1,0
BRDA:171,490,1,0
BRDA:163,26,0,0
BRDA:163,26,1,0
BRDA:149,12,0,0
BRDA:149,12,1,0
FN:179,IdentityServerAspNetIdentity.Pages.Ciba.ScopeViewModel IdentityServerAspNetIdentity.Pages.Ciba.Consent::CreateScopeViewModel(Duende.IdentityServer.Models.IdentityResource,System.Boolean)
FNDA:0,IdentityServerAspNetIdentity.Pages.Ciba.ScopeViewModel IdentityServerAspNetIdentity.Pages.Ciba.Consent::CreateScopeViewModel(Duende.IdentityServer.Models.IdentityResource,System.Boolean)
DA:180,0
DA:181,0
DA:182,0
DA:183,0
DA:184,0
DA:185,0
DA:186,0
DA:187,0
DA:188,0
DA:189,0
BRDA:180,39,0,0
BRDA:180,39,1,0
BRDA:180,95,0,0
BRDA:180,95,1,0
FN:191,IdentityServerAspNetIdentity.Pages.Ciba.ScopeViewModel IdentityServerAspNetIdentity.Pages.Ciba.Consent::CreateScopeViewModel(Duende.IdentityServer.Validation.ParsedScopeValue,Duende.IdentityServer.Models.ApiScope,System.Boolean)
FNDA:0,IdentityServerAspNetIdentity.Pages.Ciba.ScopeViewModel IdentityServerAspNetIdentity.Pages.Ciba.Consent::CreateScopeViewModel(Duende.IdentityServer.Validation.ParsedScopeValue,Duende.IdentityServer.Models.ApiScope,System.Boolean)
DA:192,0
DA:193,0
DA:194,0
DA:195,0
DA:196,0
DA:197,0
DA:199,0
DA:200,0
DA:201,0
DA:202,0
DA:203,0
DA:204,0
DA:205,0
DA:206,0
DA:207,0
DA:208,0
DA:209,0
BRDA:193,8,0,0
BRDA:193,8,1,0
BRDA:194,34,0,0
BRDA:194,34,1,0
BRDA:199,136,0,0
BRDA:199,136,1,0
FN:210,IdentityServerAspNetIdentity.Pages.Ciba.ScopeViewModel IdentityServerAspNetIdentity.Pages.Ciba.Consent::GetOfflineAccessScope(System.Boolean)
FNDA:0,IdentityServerAspNetIdentity.Pages.Ciba.ScopeViewModel IdentityServerAspNetIdentity.Pages.Ciba.Consent::GetOfflineAccessScope(System.Boolean)
DA:211,0
DA:212,0
DA:213,0
DA:214,0
DA:215,0
DA:216,0
DA:217,0
DA:218,0
FN:19,System.Void IdentityServerAspNetIdentity.Pages.Ciba.Consent::.ctor(Duende.IdentityServer.Services.IBackchannelAuthenticationInteractionService,Duende.IdentityServer.Services.IEventService,Microsoft.Extensions.Logging.ILogger`1<IdentityServerAspNetIdentity.Pages.Ciba.Consent>)
FNDA:0,System.Void IdentityServerAspNetIdentity.Pages.Ciba.Consent::.ctor(Duende.IdentityServer.Services.IBackchannelAuthenticationInteractionService,Duende.IdentityServer.Services.IEventService,Microsoft.Extensions.Logging.ILogger`1<IdentityServerAspNetIdentity.Pages.Ciba.Consent>)
DA:20,0
DA:21,0
DA:22,0
DA:23,0
DA:24,0
DA:25,0
DA:26,0
DA:27,0
DA:28,0
FN:35,System.Void IdentityServerAspNetIdentity.Pages.Ciba.Consent/<OnGet>d__12::MoveNext()
FNDA:0,System.Void IdentityServerAspNetIdentity.Pages.Ciba.Consent/<OnGet>d__12::MoveNext()
DA:36,0
DA:37,0
DA:38,0
DA:39,0
DA:42,0
DA:43,0
DA:44,0
DA:45,0
DA:47,0
DA:48,0
BRDA:37,139,0,0
BRDA:37,139,1,0
FN:50,System.Void IdentityServerAspNetIdentity.Pages.Ciba.Consent/<OnPost>d__13::MoveNext()
FNDA:0,System.Void IdentityServerAspNetIdentity.Pages.Ciba.Consent/<OnPost>d__13::MoveNext()
DA:51,0
DA:53,0
DA:54,0
DA:55,0
DA:56,0
DA:57,0
DA:60,0
DA:63,0
DA:64,0
DA:65,0
DA:68,0
DA:70,0
DA:72,0
DA:73,0
DA:75,0
DA:76,0
DA:77,0
DA:78,0
DA:79,0
DA:81,0
DA:83,0
DA:84,0
DA:85,0
DA:86,0
DA:87,0
DA:90,0
DA:91,0
DA:93,0
DA:94,0
DA:96,0
DA:97,0
DA:98,0
DA:99,0
DA:101,0
DA:102,0
DA:103,0
DA:105,0
DA:106,0
DA:108,0
DA:110,0
DA:114,0
DA:115,0
DA:116,0
DA:118,0
DA:119,0
BRDA:53,86,0,0
BRDA:53,86,1,0
BRDA:54,225,0,0
BRDA:54,225,1,0
BRDA:54,271,0,0
BRDA:54,271,1,0
BRDA:63,366,0,0
BRDA:63,366,1,0
BRDA:72,671,0,0
BRDA:75,702,0,0
BRDA:78,742,0,0
BRDA:78,742,1,0
BRDA:75,702,1,0
BRDA:72,671,1,0
BRDA:105,1263,0,0
BRDA:105,1263,1,0
BRDA:114,1544,0,0
BRDA:114,1544,1,0
FN:121,System.Void IdentityServerAspNetIdentity.Pages.Ciba.Consent/<SetViewModelAsync>d__14::MoveNext()
FNDA:0,System.Void IdentityServerAspNetIdentity.Pages.Ciba.Consent/<SetViewModelAsync>d__14::MoveNext()
DA:122,0
DA:123,0
DA:125,0
DA:126,0
DA:127,0
DA:128,0
DA:129,0
DA:132,0
DA:133,0
DA:134,0
DA:136,0
BRDA:126,174,0,0
BRDA:126,174,1,0
BRDA:126,220,0,0
BRDA:126,220,1,0
LF:148
LH:0
BRF:54
BRH:0
FNF:10
FNH:0
end_of_record
SF:D:\srccodes\achihui_gh\acidserver\src\acidserver\Pages\Ciba\ConsentOptions.cs
FN:4,System.Void IdentityServerAspNetIdentity.Pages.Ciba.ConsentOptions::.cctor()
FNDA:0,System.Void IdentityServerAspNetIdentity.Pages.Ciba.ConsentOptions::.cctor()
DA:5,0
DA:6,0
DA:7,0
DA:9,0
DA:10,0
LF:5
LH:0
BRF:0
BRH:0
FNF:1
FNH:0
end_of_record
SF:D:\srccodes\achihui_gh\acidserver\src\acidserver\Pages\Ciba\Index.cshtml.cs
FN:12,Duende.IdentityServer.Models.BackchannelUserLoginRequest IdentityServerAspNetIdentity.Pages.Ciba.IndexModel::get_LoginRequest()
FNDA:0,Duende.IdentityServer.Models.BackchannelUserLoginRequest IdentityServerAspNetIdentity.Pages.Ciba.IndexModel::get_LoginRequest()
DA:13,0
FN:17,System.Void IdentityServerAspNetIdentity.Pages.Ciba.IndexModel::.ctor(Duende.IdentityServer.Services.IBackchannelAuthenticationInteractionService,Microsoft.Extensions.Logging.ILogger`1<IdentityServerAspNetIdentity.Pages.Ciba.IndexModel>)
FNDA:0,System.Void IdentityServerAspNetIdentity.Pages.Ciba.IndexModel::.ctor(Duende.IdentityServer.Services.IBackchannelAuthenticationInteractionService,Microsoft.Extensions.Logging.ILogger`1<IdentityServerAspNetIdentity.Pages.Ciba.IndexModel>)
DA:18,0
DA:19,0
DA:20,0
DA:21,0
DA:22,0
FN:24,System.Void IdentityServerAspNetIdentity.Pages.Ciba.IndexModel/<OnGet>d__7::MoveNext()
FNDA:0,System.Void IdentityServerAspNetIdentity.Pages.Ciba.IndexModel/<OnGet>d__7::MoveNext()
DA:25,0
DA:26,0
DA:27,0
DA:28,0
DA:29,0
DA:30,0
DA:33,0
DA:34,0
DA:35,0
DA:37,0
DA:38,0
BRDA:27,164,0,0
BRDA:27,164,1,0
LF:17
LH:0
BRF:2
BRH:0
FNF:3
FNH:0
end_of_record
SF:D:\srccodes\achihui_gh\acidserver\src\acidserver\Pages\Ciba\InputModel.cs
FN:4,System.String IdentityServerAspNetIdentity.Pages.Ciba.InputModel::get_Button()
FNDA:0,System.String IdentityServerAspNetIdentity.Pages.Ciba.InputModel::get_Button()
DA:5,0
FN:5,System.Collections.Generic.IEnumerable`1<System.String> IdentityServerAspNetIdentity.Pages.Ciba.InputModel::get_ScopesConsented()
FNDA:0,System.Collections.Generic.IEnumerable`1<System.String> IdentityServerAspNetIdentity.Pages.Ciba.InputModel::get_ScopesConsented()
DA:6,0
FN:6,System.String IdentityServerAspNetIdentity.Pages.Ciba.InputModel::get_Id()
FNDA:0,System.String IdentityServerAspNetIdentity.Pages.Ciba.InputModel::get_Id()
DA:7,0
FN:7,System.String IdentityServerAspNetIdentity.Pages.Ciba.InputModel::get_Description()
FNDA:0,System.String IdentityServerAspNetIdentity.Pages.Ciba.InputModel::get_Description()
DA:8,0
LF:4
LH:0
BRF:0
BRH:0
FNF:4
FNH:0
end_of_record
SF:D:\srccodes\achihui_gh\acidserver\src\acidserver\Pages\Ciba\ViewModel.cs
FN:4,System.String IdentityServerAspNetIdentity.Pages.Ciba.ViewModel::get_ClientName()
FNDA:0,System.String IdentityServerAspNetIdentity.Pages.Ciba.ViewModel::get_ClientName()
DA:5,0
FN:5,System.String IdentityServerAspNetIdentity.Pages.Ciba.ViewModel::get_ClientUrl()
FNDA:0,System.String IdentityServerAspNetIdentity.Pages.Ciba.ViewModel::get_ClientUrl()
DA:6,0
FN:6,System.String IdentityServerAspNetIdentity.Pages.Ciba.ViewModel::get_ClientLogoUrl()
FNDA:0,System.String IdentityServerAspNetIdentity.Pages.Ciba.ViewModel::get_ClientLogoUrl()
DA:7,0
FN:8,System.String IdentityServerAspNetIdentity.Pages.Ciba.ViewModel::get_BindingMessage()
FNDA:0,System.String IdentityServerAspNetIdentity.Pages.Ciba.ViewModel::get_BindingMessage()
DA:9,0
FN:10,System.Collections.Generic.IEnumerable`1<IdentityServerAspNetIdentity.Pages.Ciba.ScopeViewModel> IdentityServerAspNetIdentity.Pages.Ciba.ViewModel::get_IdentityScopes()
FNDA:0,System.Collections.Generic.IEnumerable`1<IdentityServerAspNetIdentity.Pages.Ciba.ScopeViewModel> IdentityServerAspNetIdentity.Pages.Ciba.ViewModel::get_IdentityScopes()
DA:11,0
FN:11,System.Collections.Generic.IEnumerable`1<IdentityServerAspNetIdentity.Pages.Ciba.ScopeViewModel> IdentityServerAspNetIdentity.Pages.Ciba.ViewModel::get_ApiScopes()
FNDA:0,System.Collections.Generic.IEnumerable`1<IdentityServerAspNetIdentity.Pages.Ciba.ScopeViewModel> IdentityServerAspNetIdentity.Pages.Ciba.ViewModel::get_ApiScopes()
DA:12,0
FN:16,System.String IdentityServerAspNetIdentity.Pages.Ciba.ScopeViewModel::get_Name()
[...]
BRDA:22,277,1,0
LF:12
LH:0
BRF:12
BRH:0
FNF:3
FNH:0
end_of_record
SF:D:\srccodes\achihui_gh\acidserver\src\acidserver\Pages\Account\Logout\LoggedOutViewModel.cs
FN:4,System.String IdentityServerAspNetIdentity.Pages.Logout.LoggedOutViewModel::get_PostLogoutRedirectUri()
FNDA:0,System.String IdentityServerAspNetIdentity.Pages.Logout.LoggedOutViewModel::get_PostLogoutRedirectUri()
DA:5,0
FN:5,System.String IdentityServerAspNetIdentity.Pages.Logout.LoggedOutViewModel::get_ClientName()
FNDA:0,System.String IdentityServerAspNetIdentity.Pages.Logout.LoggedOutViewModel::get_ClientName()
DA:6,0
FN:6,System.String IdentityServerAspNetIdentity.Pages.Logout.LoggedOutViewModel::get_SignOutIframeUrl()
FNDA:0,System.String IdentityServerAspNetIdentity.Pages.Logout.LoggedOutViewModel::get_SignOutIframeUrl()
DA:7,0
FN:7,System.Boolean IdentityServerAspNetIdentity.Pages.Logout.LoggedOutViewModel::get_AutomaticRedirectAfterSignOut()
FNDA:0,System.Boolean IdentityServerAspNetIdentity.Pages.Logout.LoggedOutViewModel::get_AutomaticRedirectAfterSignOut()
DA:8,0
LF:4
LH:0
BRF:0
BRH:0
FNF:4
FNH:0
end_of_record
SF:D:\srccodes\achihui_gh\acidserver\src\acidserver\Pages\Account\Logout\LogoutOptions.cs
FN:4,System.Void IdentityServerAspNetIdentity.Pages.Logout.LogoutOptions::.cctor()
FNDA:0,System.Void IdentityServerAspNetIdentity.Pages.Logout.LogoutOptions::.cctor()
DA:5,0
DA:6,0
LF:2
LH:0
BRF:0
BRH:0
FNF:1
FNH:0
end_of_record
SF:D:\srccodes\achihui_gh\acidserver\src\acidserver\Pages\Account\Login\Index.cshtml.cs
FN:26,IdentityServerAspNetIdentity.Pages.Login.ViewModel IdentityServerAspNetIdentity.Pages.Login.Index::get_View()
FNDA:0,IdentityServerAspNetIdentity.Pages.Login.ViewModel IdentityServerAspNetIdentity.Pages.Login.Index::get_View()
DA:27,0
FN:29,IdentityServerAspNetIdentity.Pages.Login.InputModel IdentityServerAspNetIdentity.Pages.Login.Index::get_Input()
FNDA:0,IdentityServerAspNetIdentity.Pages.Login.InputModel IdentityServerAspNetIdentity.Pages.Login.Index::get_Input()
DA:30,0
FN:31,System.Void IdentityServerAspNetIdentity.Pages.Login.Index::.ctor(Duende.IdentityServer.Services.IIdentityServerInteractionService,Microsoft.AspNetCore.Authentication.IAuthenticationSchemeProvider,Duende.IdentityServer.Stores.IIdentityProviderStore,Duende.IdentityServer.Services.IEventService,Microsoft.AspNetCore.Identity.UserManager`1<IdentityServerAspNetIdentity.Models.ApplicationUser>,Microsoft.AspNetCore.Identity.SignInManager`1<IdentityServerAspNetIdentity.Models.ApplicationUser>,Microsoft.Extensions.Logging.ILogger`1<IdentityServerAspNetIdentity.Pages.Login.Index>)
FNDA:0,System.Void IdentityServerAspNetIdentity.Pages.Login.Index::.ctor(Duende.IdentityServer.Services.IIdentityServerInteractionService,Microsoft.AspNetCore.Authentication.IAuthenticationSchemeProvider,Duende.IdentityServer.Stores.IIdentityProviderStore,Duende.IdentityServer.Services.IEventService,Microsoft.AspNetCore.Identity.UserManager`1<IdentityServerAspNetIdentity.Models.ApplicationUser>,Microsoft.AspNetCore.Identity.SignInManager`1<IdentityServerAspNetIdentity.Models.ApplicationUser>,Microsoft.Extensions.Logging.ILogger`1<IdentityServerAspNetIdentity.Pages.Login.Index>)
DA:32,0
DA:33,0
DA:34,0
DA:35,0
DA:36,0
DA:37,0
DA:38,0
DA:39,0
DA:40,0
DA:41,0
DA:42,0
DA:43,0
DA:44,0
DA:45,0
DA:46,0
DA:47,0
DA:48,0
FN:187,System.Boolean IdentityServerAspNetIdentity.Pages.Login.Index/<>c::<BuildModelAsync>b__18_0(Microsoft.AspNetCore.Authentication.AuthenticationScheme)
FNDA:0,System.Boolean IdentityServerAspNetIdentity.Pages.Login.Index/<>c::<BuildModelAsync>b__18_0(Microsoft.AspNetCore.Authentication.AuthenticationScheme)
DA:188,0
FN:188,IdentityServerAspNetIdentity.Pages.Login.ViewModel/ExternalProvider IdentityServerAspNetIdentity.Pages.Login.Index/<>c::<BuildModelAsync>b__18_1(Microsoft.AspNetCore.Authentication.AuthenticationScheme)
FNDA:0,IdentityServerAspNetIdentity.Pages.Login.ViewModel/ExternalProvider IdentityServerAspNetIdentity.Pages.Login.Index/<>c::<BuildModelAsync>b__18_1(Microsoft.AspNetCore.Authentication.AuthenticationScheme)
DA:189,0
DA:190,0
DA:191,0
DA:192,0
DA:193,0
BRDA:189,13,0,0
BRDA:189,13,1,0
FN:195,System.Boolean IdentityServerAspNetIdentity.Pages.Login.Index/<>c::<BuildModelAsync>b__18_3(Duende.IdentityServer.Models.IdentityProviderName)
FNDA:0,System.Boolean IdentityServerAspNetIdentity.Pages.Login.Index/<>c::<BuildModelAsync>b__18_3(Duende.IdentityServer.Models.IdentityProviderName)
DA:196,0
FN:196,IdentityServerAspNetIdentity.Pages.Login.ViewModel/ExternalProvider IdentityServerAspNetIdentity.Pages.Login.Index/<>c::<BuildModelAsync>b__18_4(Duende.IdentityServer.Models.IdentityProviderName)
FNDA:0,IdentityServerAspNetIdentity.Pages.Login.ViewModel/ExternalProvider IdentityServerAspNetIdentity.Pages.Login.Index/<>c::<BuildModelAsync>b__18_4(Duende.IdentityServer.Models.IdentityProviderName)
DA:197,0
DA:198,0
DA:199,0
DA:200,0
DA:201,0
BRDA:197,13,0,0
BRDA:197,13,1,0
FN:211,System.Boolean IdentityServerAspNetIdentity.Pages.Login.Index/<>c__DisplayClass18_0::<BuildModelAsync>b__2(IdentityServerAspNetIdentity.Pages.Login.ViewModel/ExternalProvider)
FNDA:0,System.Boolean IdentityServerAspNetIdentity.Pages.Login.Index/<>c__DisplayClass18_0::<BuildModelAsync>b__2(IdentityServerAspNetIdentity.Pages.Login.ViewModel/ExternalProvider)
DA:212,0
FN:153,System.Void IdentityServerAspNetIdentity.Pages.Login.Index/<BuildModelAsync>d__18::MoveNext()
FNDA:0,System.Void IdentityServerAspNetIdentity.Pages.Login.Index/<BuildModelAsync>d__18::MoveNext()
DA:154,0
DA:155,0
DA:156,0
DA:157,0
DA:158,0
DA:160,0
DA:161,0
DA:162,0
DA:163,0
DA:164,0
DA:165,0
DA:166,0
DA:169,0
DA:170,0
DA:171,0
DA:172,0
DA:174,0
DA:176,0
DA:177,0
DA:178,0
DA:179,0
DA:180,0
DA:182,0
DA:185,0
DA:187,0
DA:195,0
DA:202,0
DA:205,0
DA:206,0
DA:207,0
DA:208,0
DA:209,0
DA:210,0
DA:211,0
DA:213,0
DA:214,0
DA:216,0
DA:217,0
DA:218,0
DA:219,0
DA:220,0
DA:221,0
DA:222,0
BRDA:161,236,0,0
BRDA:161,236,1,0
BRDA:161,252,0,0
BRDA:164,415,0,0
BRDA:176,519,0,0
BRDA:176,519,1,0
BRDA:164,415,1,0
BRDA:161,252,1,0
BRDA:206,1043,0,0
BRDA:206,1043,1,0
BRDA:207,1077,0,0
BRDA:210,1118,0,0
BRDA:210,1118,1,0
BRDA:210,1151,0,0
BRDA:210,1151,1,0
BRDA:207,1077,1,0
BRDA:216,1225,0,0
BRDA:216,1225,1,0
FN:50,System.Void IdentityServerAspNetIdentity.Pages.Login.Index/<OnGet>d__16::MoveNext()
FNDA:0,System.Void IdentityServerAspNetIdentity.Pages.Login.Index/<OnGet>d__16::MoveNext()
DA:51,0
DA:52,0
DA:54,0
DA:55,0
DA:57,0
DA:60,0
DA:61,0
BRDA:54,142,0,0
BRDA:54,142,1,0
FN:63,System.Void IdentityServerAspNetIdentity.Pages.Login.Index/<OnPost>d__17::MoveNext()
FNDA:0,System.Void IdentityServerAspNetIdentity.Pages.Login.Index/<OnPost>d__17::MoveNext()
DA:64,0
DA:66,0
DA:69,0
DA:70,0
DA:71,0
DA:72,0
DA:74,0
DA:79,0
DA:82,0
DA:83,0
DA:86,0
DA:89,0
DA:92,0
DA:94,0
DA:98,0
DA:99,0
DA:101,0
DA:103,0
DA:104,0
DA:105,0
DA:106,0
DA:107,0
DA:108,0
DA:110,0
DA:111,0
DA:113,0
DA:115,0
DA:116,0
DA:119,0
DA:123,0
DA:127,0
DA:128,0
DA:129,0
DA:131,0
DA:132,0
DA:133,0
DA:136,0
DA:138,0
DA:143,0
DA:144,0
DA:145,0
DA:146,0
DA:149,0
DA:150,0
DA:151,0
BRDA:69,252,0,0
BRDA:71,271,0,0
BRDA:82,436,0,0
BRDA:82,436,1,0
BRDA:89,495,0,0
BRDA:89,495,1,0
BRDA:71,271,1,0
BRDA:69,252,1,0
BRDA:98,557,0,0
BRDA:101,569,0,0
BRDA:101,569,1,0
BRDA:104,782,0,0
BRDA:107,989,0,0
BRDA:107,989,1,0
BRDA:108,1115,0,0
BRDA:108,1115,1,0
BRDA:110,1155,0,0
BRDA:115,1200,0,0
BRDA:115,1200,1,0
BRDA:123,1259,0,0
BRDA:123,1259,1,0
BRDA:110,1155,1,0
BRDA:127,1314,0,0
BRDA:127,1314,1,0
BRDA:131,1375,0,0
BRDA:131,1375,1,0
BRDA:104,782,1,0
BRDA:143,1452,0,0
BRDA:143,1452,1,0
BRDA:144,1578,0,0
BRDA:144,1578,1,0
BRDA:98,557,1,0
LF:127
LH:0
BRF:56
BRH:0
FNF:11
FNH:0
end_of_record
SF:D:\srccodes\achihui_gh\acidserver\src\acidserver\Pages\Account\Login\InputModel.cs
FN:7,System.String IdentityServerAspNetIdentity.Pages.Login.InputModel::get_Username()
FNDA:0,System.String IdentityServerAspNetIdentity.Pages.Login.InputModel::get_Username()
DA:8,0
FN:9,System.String IdentityServerAspNetIdentity.Pages.Login.InputModel::get_Password()
FNDA:0,System.String IdentityServerAspNetIdentity.Pages.Login.InputModel::get_Password()
DA:10,0
FN:10,System.Boolean IdentityServerAspNetIdentity.Pages.Login.InputModel::get_RememberLogin()
FNDA:0,System.Boolean IdentityServerAspNetIdentity.Pages.Login.InputModel::get_RememberLogin()
DA:11,0
FN:11,System.String IdentityServerAspNetIdentity.Pages.Login.InputModel::get_ReturnUrl()
FNDA:0,System.String IdentityServerAspNetIdentity.Pages.Login.InputModel::get_ReturnUrl()
DA:12,0
FN:12,System.String IdentityServerAspNetIdentity.Pages.Login.InputModel::get_Button()
FNDA:0,System.String IdentityServerAspNetIdentity.Pages.Login.InputModel::get_Button()
DA:13,0
LF:5
LH:0
BRF:0
BRH:0
FNF:5
FNH:0
end_of_record
SF:D:\srccodes\achihui_gh\acidserver\src\acidserver\Pages\Account\Login\LoginOptions.cs
FN:4,System.Void IdentityServerAspNetIdentity.Pages.Login.LoginOptions::.cctor()
FNDA:0,System.Void IdentityServerAspNetIdentity.Pages.Login.LoginOptions::.cctor()
DA:5,0
DA:6,0
DA:7,0
DA:8,0
LF:4
LH:0
BRF:0
BRH:0
FNF:1
FNH:0
end_of_record
SF:D:\srccodes\achihui_gh\acidserver\src\acidserver\Pages\Account\Login\ViewModel.cs
FN:4,System.Boolean IdentityServerAspNetIdentity.Pages.Login.ViewModel::get_AllowRememberLogin()
FNDA:0,System.Boolean IdentityServerAspNetIdentity.Pages.Login.ViewModel::get_AllowRememberLogin()
DA:5,0
FN:5,System.Boolean IdentityServerAspNetIdentity.Pages.Login.ViewModel::get_EnableLocalLogin()
FNDA:0,System.Boolean IdentityServerAspNetIdentity.Pages.Login.ViewModel::get_EnableLocalLogin()
DA:6,0
FN:7,System.Collections.Generic.IEnumerable`1<IdentityServerAspNetIdentity.Pages.Login.ViewModel/ExternalProvider> IdentityServerAspNetIdentity.Pages.Login.ViewModel::get_ExternalProviders()
FNDA:0,System.Collections.Generic.IEnumerable`1<IdentityServerAspNetIdentity.Pages.Login.ViewModel/ExternalProvider> IdentityServerAspNetIdentity.Pages.Login.ViewModel::get_ExternalProviders()
DA:8,0
FN:8,System.Collections.Generic.IEnumerable`1<IdentityServerAspNetIdentity.Pages.Login.ViewModel/ExternalProvider> IdentityServerAspNetIdentity.Pages.Login.ViewModel::get_VisibleExternalProviders()
FNDA:0,System.Collections.Generic.IEnumerable`1<IdentityServerAspNetIdentity.Pages.Login.ViewModel/ExternalProvider> IdentityServerAspNetIdentity.Pages.Login.ViewModel::get_VisibleExternalProviders()
DA:9,0
FN:10,System.Boolean IdentityServerAspNetIdentity.Pages.Login.ViewModel::get_IsExternalLoginOnly()
FNDA:0,System.Boolean IdentityServerAspNetIdentity.Pages.Login.ViewModel::get_IsExternalLoginOnly()
DA:11,0
BRDA:11,6,0,0
BRDA:11,15,0,0
BRDA:11,15,1,0
BRDA:11,6,1,0
FN:11,System.String IdentityServerAspNetIdentity.Pages.Login.ViewModel::get_ExternalLoginScheme()
FNDA:0,System.String IdentityServerAspNetIdentity.Pages.Login.ViewModel::get_ExternalLoginScheme()
DA:12,0
BRDA:12,6,0,0
BRDA:12,6,1,0
BRDA:12,18,0,0
BRDA:12,18,1,0
BRDA:12,30,0,0
BRDA:12,30,1,0
FN:21,System.String IdentityServerAspNetIdentity.Pages.Login.ViewModel/ExternalProvider::get_DisplayName()
FNDA:0,System.String IdentityServerAspNetIdentity.Pages.Login.ViewModel/ExternalProvider::get_DisplayName()
DA:22,0
FN:22,System.String IdentityServerAspNetIdentity.Pages.Login.ViewModel/ExternalProvider::get_AuthenticationScheme()
FNDA:0,System.String IdentityServerAspNetIdentity.Pages.Login.ViewModel/ExternalProvider::get_AuthenticationScheme()
DA:23,0
FN:15,System.Void IdentityServerAspNetIdentity.Pages.Login.ViewModel/ExternalProvider::.ctor(System.String,System.String)
FNDA:0,System.Void IdentityServerAspNetIdentity.Pages.Login.ViewModel/ExternalProvider::.ctor(System.String,System.String)
DA:16,0
DA:17,0
DA:18,0
DA:19,0
DA:20,0
LF:13
LH:0
BRF:10
BRH:0
FNF:9
FNH:0
end_of_record
SF:D:\srccodes\achihui_gh\acidserver\src\acidserver\Pages\Account\AccessDenied.cshtml.cs
FN:7,System.Void IdentityServerAspNetIdentity.Pages.Account.AccessDeniedModel::OnGet()
FNDA:0,System.Void IdentityServerAspNetIdentity.Pages.Account.AccessDeniedModel::OnGet()
DA:8,0
DA:9,0
LF:2
LH:0
BRF:0
BRH:0
FNF:1
FNH:0
end_of_record
SF:D:\srccodes\achihui_gh\acidserver\src\acidserver\Data\ApplicationDbContext.cs
FN:13,System.Void IdentityServerAspNetIdentity.Data.ApplicationDbContext::OnModelCreating(Microsoft.EntityFrameworkCore.ModelBuilder)
FNDA:2,System.Void IdentityServerAspNetIdentity.Data.ApplicationDbContext::OnModelCreating(Microsoft.EntityFrameworkCore.ModelBuilder)
DA:14,2
FN:9,System.Void IdentityServerAspNetIdentity.Data.ApplicationDbContext::.ctor(Microsoft.EntityFrameworkCore.DbContextOptions`1<IdentityServerAspNetIdentity.Data.ApplicationDbContext>)
FNDA:10,System.Void IdentityServerAspNetIdentity.Data.ApplicationDbContext::.ctor(Microsoft.EntityFrameworkCore.DbContextOptions`1<IdentityServerAspNetIdentity.Data.ApplicationDbContext>)
DA:10,10
DA:11,10
DA:12,10
LF:4
LH:4
BRF:0
BRH:0
FNF:2
FNH:2
end_of_record
SF:D:\srccodes\achihui_gh\acidserver\src\acidserver\Data\Migrations\20240123193529_Users.cs
FN:11,System.Void IdentityServerAspNetIdentity.Data.Migrations.Users::Up(Microsoft.EntityFrameworkCore.Migrations.MigrationBuilder)
FNDA:0,System.Void IdentityServerAspNetIdentity.Data.Migrations.Users::Up(Microsoft.EntityFrameworkCore.Migrations.MigrationBuilder)
DA:12,0
DA:13,0
DA:14,0
DA:15,0
DA:16,0
DA:17,0
DA:18,0
DA:19,0
DA:20,0
DA:21,0
DA:22,0
DA:23,0
DA:24,0
DA:25,0
DA:27,0
DA:28,0
DA:29,0
DA:30,0
DA:31,0
DA:32,0
DA:33,0
DA:34,0
DA:35,0
DA:36,0
DA:37,0
DA:38,0
DA:39,0
DA:40,0
DA:41,0
DA:42,0
DA:43,0
DA:44,0
DA:45,0
DA:46,0
DA:47,0
DA:48,0
DA:49,0
DA:50,0
DA:52,0
DA:53,0
DA:54,0
DA:55,0
DA:56,0
DA:57,0
DA:58,0
DA:59,0
DA:60,0
DA:61,0
DA:62,0
DA:63,0
DA:64,0
DA:65,0
DA:66,0
DA:67,0
DA:68,0
DA:69,0
DA:70,0
DA:71,0
DA:73,0
DA:74,0
DA:75,0
DA:76,0
DA:77,0
DA:78,0
DA:79,0
DA:80,0
DA:81,0
DA:82,0
DA:83,0
DA:84,0
DA:85,0
DA:86,0
DA:87,0
DA:88,0
DA:89,0
DA:90,0
DA:91,0
DA:92,0
DA:94,0
DA:95,0
DA:96,0
DA:97,0
DA:98,0
DA:99,0
DA:100,0
DA:101,0
DA:102,0
DA:103,0
DA:104,0
DA:105,0
DA:106,0
DA:107,0
DA:108,0
DA:109,0
DA:110,0
DA:111,0
DA:112,0
DA:114,0
DA:115,0
DA:116,0
DA:117,0
DA:118,0
DA:119,0
DA:120,0
DA:121,0
DA:122,0
DA:123,0
DA:124,0
DA:125,0
DA:126,0
DA:127,0
DA:128,0
DA:129,0
DA:130,0
DA:131,0
DA:132,0
DA:133,0
DA:134,0
DA:135,0
DA:136,0
DA:138,0
DA:139,0
DA:140,0
DA:141,0
DA:142,0
DA:143,0
DA:144,0
DA:145,0
DA:146,0
DA:147,0
DA:148,0
DA:149,0
DA:150,0
DA:151,0
DA:152,0
DA:153,0
DA:154,0
DA:155,0
DA:156,0
DA:158,0
DA:159,0
DA:160,0
DA:161,0
DA:163,0
DA:164,0
DA:165,0
DA:166,0
DA:167,0
DA:169,0
DA:170,0
DA:171,0
DA:172,0
DA:174,0
DA:175,0
DA:176,0
DA:177,0
DA:179,0
DA:180,0
DA:181,0
DA:182,0
DA:184,0
DA:185,0
DA:186,0
DA:187,0
DA:189,0
DA:190,0
DA:191,0
DA:192,0
DA:193,0
DA:194,0
FN:197,System.Void IdentityServerAspNetIdentity.Data.Migrations.Users::Down(Microsoft.EntityFrameworkCore.Migrations.MigrationBuilder)
FNDA:0,System.Void IdentityServerAspNetIdentity.Data.Migrations.Users::Down(Microsoft.EntityFrameworkCore.Migrations.MigrationBuilder)
DA:198,0
DA:199,0
DA:200,0
DA:202,0
DA:203,0
DA:205,0
DA:206,0
DA:208,0
DA:209,0
DA:211,0
DA:212,0
DA:214,0
DA:215,0
DA:217,0
DA:218,0
DA:219,0
LF:186
LH:0
BRF:0
BRH:0
FNF:2
FNH:0
end_of_record
SF:D:\srccodes\achihui_gh\acidserver\src\acidserver\Data\Migrations\20240123193529_Users.Designer.cs
FN:18,System.Void IdentityServerAspNetIdentity.Data.Migrations.Users::BuildTargetModel(Microsoft.EntityFrameworkCore.ModelBuilder)
FNDA:0,System.Void IdentityServerAspNetIdentity.Data.Migrations.Users::BuildTargetModel(Microsoft.EntityFrameworkCore.ModelBuilder)
DA:19,0
DA:21,0
DA:23,0
DA:24,0
DA:25,0
DA:26,0
DA:27,0
DA:28,0
DA:29,0
DA:30,0
DA:31,0
DA:32,0
DA:33,0
DA:34,0
DA:35,0
DA:36,0
DA:37,0
DA:38,0
DA:39,0
DA:40,0
DA:41,0
DA:42,0
DA:43,0
DA:44,0
DA:45,0
DA:46,0
DA:47,0
DA:48,0
DA:49,0
DA:50,0
DA:51,0
DA:52,0
DA:53,0
DA:54,0
DA:55,0
DA:56,0
DA:57,0
DA:58,0
DA:59,0
DA:60,0
DA:61,0
DA:62,0
DA:63,0
DA:64,0
DA:65,0
DA:66,0
DA:67,0
DA:68,0
DA:69,0
DA:70,0
DA:71,0
DA:72,0
DA:73,0
DA:74,0
DA:75,0
DA:76,0
DA:77,0
DA:78,0
DA:79,0
DA:80,0
DA:81,0
DA:82,0
DA:83,0
DA:84,0
DA:85,0
DA:87,0
DA:88,0
DA:89,0
DA:90,0
DA:91,0
DA:92,0
DA:93,0
DA:94,0
DA:95,0
DA:96,0
DA:97,0
DA:98,0
DA:99,0
DA:100,0
DA:101,0
DA:102,0
DA:103,0
DA:104,0
DA:105,0
DA:106,0
DA:107,0
DA:108,0
DA:109,0
DA:110,0
DA:111,0
DA:113,0
DA:114,0
DA:115,0
DA:116,0
DA:117,0
DA:118,0
DA:119,0
DA:120,0
DA:121,0
DA:122,0
DA:123,0
DA:124,0
DA:125,0
DA:126,0
DA:127,0
DA:128,0
DA:129,0
DA:130,0
DA:131,0
DA:132,0
DA:133,0
DA:134,0
DA:136,0
DA:137,0
DA:138,0
DA:139,0
DA:140,0
DA:141,0
DA:142,0
DA:143,0
DA:144,0
DA:145,0
DA:146,0
DA:147,0
DA:148,0
DA:149,0
DA:150,0
DA:151,0
DA:152,0
DA:153,0
DA:154,0
DA:155,0
DA:156,0
DA:157,0
DA:159,0
DA:160,0
DA:161,0
DA:162,0
DA:163,0
DA:164,0
DA:165,0
DA:166,0
DA:167,0
DA:168,0
DA:169,0
DA:170,0
DA:171,0
DA:172,0
DA:173,0
DA:174,0
DA:175,0
DA:176,0
DA:177,0
DA:178,0
DA:179,0
DA:181,0
DA:182,0
DA:183,0
DA:184,0
DA:185,0
DA:186,0
DA:187,0
DA:188,0
DA:189,0
DA:190,0
DA:191,0
DA:192,0
DA:193,0
DA:194,0
DA:196,0
DA:197,0
DA:198,0
DA:199,0
DA:200,0
DA:201,0
DA:202,0
DA:203,0
DA:204,0
DA:205,0
DA:206,0
DA:207,0
DA:208,0
DA:209,0
DA:210,0
DA:211,0
DA:212,0
DA:213,0
DA:215,0
DA:216,0
DA:217,0
DA:218,0
DA:219,0
DA:220,0
DA:221,0
DA:222,0
DA:224,0
DA:225,0
DA:226,0
DA:227,0
DA:228,0
DA:229,0
DA:230,0
DA:231,0
DA:233,0
DA:234,0
DA:235,0
DA:236,0
DA:237,0
DA:238,0
DA:239,0
DA:240,0
DA:242,0
DA:243,0
DA:244,0
DA:245,0
DA:246,0
DA:247,0
DA:248,0
DA:249,0
DA:250,0
DA:251,0
DA:252,0
DA:253,0
DA:254,0
DA:255,0
DA:257,0
DA:258,0
DA:259,0
DA:260,0
DA:261,0
DA:262,0
DA:263,0
DA:264,0
DA:266,0
LF:234
LH:0
BRF:0
BRH:0
FNF:1
FNH:0
end_of_record
SF:D:\srccodes\achihui_gh\acidserver\src\acidserver\Data\Migrations\ApplicationDbContextModelSnapshot.cs
FN:15,System.Void IdentityServerAspNetIdentity.Data.Migrations.ApplicationDbContextModelSnapshot::BuildModel(Microsoft.EntityFrameworkCore.ModelBuilder)
FNDA:0,System.Void IdentityServerAspNetIdentity.Data.Migrations.ApplicationDbContextModelSnapshot::BuildModel(Microsoft.EntityFrameworkCore.ModelBuilder)
DA:16,0
DA:18,0
DA:20,0
DA:21,0
DA:22,0
DA:23,0
DA:24,0
DA:25,0
DA:26,0
DA:27,0
DA:28,0
DA:29,0
DA:30,0
DA:31,0
DA:32,0
DA:33,0
DA:34,0
DA:35,0
DA:36,0
DA:37,0
DA:38,0
DA:39,0
DA:40,0
DA:41,0
DA:42,0
DA:43,0
DA:44,0
DA:45,0
DA:46,0
DA:47,0
DA:48,0
DA:49,0
DA:50,0
DA:51,0
DA:52,0
DA:53,0
DA:54,0
DA:55,0
DA:56,0
DA:57,0
DA:58,0
DA:59,0
DA:60,0
DA:61,0
DA:62,0
DA:63,0
DA:64,0
DA:65,0
DA:66,0
DA:67,0
DA:68,0
DA:69,0
DA:70,0
DA:71,0
DA:72,0
DA:73,0
DA:74,0
DA:75,0
DA:76,0
DA:77,0
DA:78,0
DA:79,0
DA:80,0
DA:81,0
DA:82,0
DA:84,0
DA:85,0
DA:86,0
DA:87,0
DA:88,0
DA:89,0
DA:90,0
DA:91,0
DA:92,0
DA:93,0
DA:94,0
DA:95,0
DA:96,0
DA:97,0
DA:98,0
DA:99,0
DA:100,0
DA:101,0
DA:102,0
DA:103,0
DA:104,0
DA:105,0
DA:106,0
DA:107,0
DA:108,0
DA:110,0
DA:111,0
DA:112,0
DA:113,0
DA:114,0
DA:115,0
DA:116,0
DA:117,0
DA:118,0
DA:119,0
DA:120,0
DA:121,0
DA:122,0
DA:123,0
DA:124,0
DA:125,0
DA:126,0
DA:127,0
DA:128,0
DA:129,0
DA:130,0
DA:131,0
DA:133,0
DA:134,0
DA:135,0
DA:136,0
DA:137,0
DA:138,0
DA:139,0
DA:140,0
DA:141,0
DA:142,0
DA:143,0
DA:144,0
DA:145,0
DA:146,0
DA:147,0
DA:148,0
DA:149,0
DA:150,0
DA:151,0
DA:152,0
DA:153,0
DA:154,0
DA:156,0
DA:157,0
DA:158,0
DA:159,0
DA:160,0
DA:161,0
DA:162,0
DA:163,0
DA:164,0
DA:165,0
DA:166,0
DA:167,0
DA:168,0
DA:169,0
DA:170,0
DA:171,0
DA:172,0
DA:173,0
DA:174,0
DA:175,0
DA:176,0
DA:178,0
DA:179,0
DA:180,0
DA:181,0
DA:182,0
DA:183,0
DA:184,0
DA:185,0
DA:186,0
DA:187,0
DA:188,0
DA:189,0
DA:190,0
DA:191,0
DA:193,0
DA:194,0
DA:195,0
DA:196,0
DA:197,0
DA:198,0
DA:199,0
DA:200,0
DA:201,0
DA:202,0
DA:203,0
DA:204,0
DA:205,0
DA:206,0
DA:207,0
DA:208,0
DA:209,0
DA:210,0
DA:212,0
DA:213,0
DA:214,0
DA:215,0
DA:216,0
DA:217,0
DA:218,0
DA:219,0
DA:221,0
DA:222,0
DA:223,0
DA:224,0
DA:225,0
DA:226,0
DA:227,0
DA:228,0
DA:230,0
DA:231,0
DA:232,0
DA:233,0
DA:234,0
DA:235,0
DA:236,0
DA:237,0
DA:239,0
DA:240,0
DA:241,0
DA:242,0
DA:243,0
DA:244,0
DA:245,0
DA:246,0
DA:247,0
DA:248,0
DA:249,0
DA:250,0
DA:251,0
DA:252,0
DA:254,0
DA:255,0
DA:256,0
DA:257,0
DA:258,0
DA:259,0
DA:260,0
DA:261,0
DA:263,0
LF:234
LH:0
BRF:0
BRH:0
FNF:1
FNH:0
end_of_record